Warning: constraints.sdc line 1, unknown field nets.
Startpoint: b[0] (input port clocked by clk)
Endpoint: out[0] (output port clocked by clk)
Path Group: clk
Path Type: min

      Cap      Slew     Delay      Time   Description
-------------------------------------------------------------------------------
             0.0000    0.0000    0.0000   clock clk (rise edge)
                       0.0000    0.0000   clock network delay (ideal)
                       1.0000    1.0000 ^ input external delay
   0.0330    0.1500    0.0000    1.0000 ^ b[0] (in)
             0.1500    0.0000    1.0000 ^ _107_/A (sky130_fd_sc_hd__and2_0)
   0.0045    0.0799    0.1597    1.1597 ^ _107_/X (sky130_fd_sc_hd__and2_0)
             0.0799    0.0000    1.1597 ^ inv0/_00_/B (sky130_fd_sc_hd__xor2_1)
   0.0069    0.0545    0.0868    1.2466 v inv0/_00_/X (sky130_fd_sc_hd__xor2_1)
             0.0545    0.0000    1.2466 v lastadder/ksa32/_163_/B (sky130_fd_sc_hd__xnor2_1)
   0.0047    0.0712    0.1579    1.4044 ^ lastadder/ksa32/_163_/Y (sky130_fd_sc_hd__xnor2_1)
             0.0712    0.0000    1.4044 ^ lastadder/ksa32/_164_/B (sky130_fd_sc_hd__xnor2_1)
   0.0500    0.3638    0.3104    1.7148 v lastadder/ksa32/_164_/Y (sky130_fd_sc_hd__xnor2_1)
             0.3638    0.0000    1.7148 v out[0] (out)
                                 1.7148   data arrival time

             0.0000    0.0000    0.0000   clock clk (rise edge)
                       0.0000    0.0000   clock network delay (ideal)
                       0.0000    0.0000   clock reconvergence pessimism
                      -1.0000   -1.0000   output external delay
                                -1.0000   data required time
-------------------------------------------------------------------------------
                                -1.0000   data required time
                                -1.7148   data arrival time
-------------------------------------------------------------------------------
                                 2.7148   slack (MET)


Startpoint: a[0] (input port clocked by clk)
Endpoint: out[29] (output port clocked by clk)
Path Group: clk
Path Type: max

      Cap      Slew     Delay      Time   Description
-------------------------------------------------------------------------------
             0.0000    0.0000    0.0000   clock clk (rise edge)
                       0.0000    0.0000   clock network delay (ideal)
                       1.0000    1.0000 v input external delay
   0.0306    0.1500    0.0000    1.0000 v a[0] (in)
             0.1500    0.0000    1.0000 v _117_/A (sky130_fd_sc_hd__or4_1)
   0.0083    0.1220    0.5969    1.5969 v _117_/X (sky130_fd_sc_hd__or4_1)
             0.1220    0.0000    1.5969 v _127_/D (sky130_fd_sc_hd__nor4_1)
   0.0050    0.3021    0.2463    1.8433 ^ _127_/Y (sky130_fd_sc_hd__nor4_1)
             0.3021    0.0000    1.8433 ^ _131_/B (sky130_fd_sc_hd__nand2b_1)
   0.0074    0.0963    0.1326    1.9759 v _131_/Y (sky130_fd_sc_hd__nand2b_1)
             0.0963    0.0000    1.9759 v _141_/D (sky130_fd_sc_hd__or4_1)
   0.0096    0.1299    0.4700    2.4459 v _141_/X (sky130_fd_sc_hd__or4_1)
             0.1299    0.0000    2.4459 v _142_/B (sky130_fd_sc_hd__nand2_1)
   0.0045    0.0692    0.1095    2.5554 ^ _142_/Y (sky130_fd_sc_hd__nand2_1)
             0.0692    0.0000    2.5554 ^ _143_/B (sky130_fd_sc_hd__xor2_1)
   0.0395    0.7908    0.6315    3.1869 ^ _143_/X (sky130_fd_sc_hd__xor2_1)
             0.7908    0.0000    3.1869 ^ _144_/SLEEP (sky130_fd_sc_hd__lpflow_isobufsrc_1)
   0.0075    0.1616    0.1588    3.3457 v _144_/X (sky130_fd_sc_hd__lpflow_isobufsrc_1)
             0.1616    0.0000    3.3457 v s0fa0/fa_array[9].fa0/_1_/B (sky130_fd_sc_hd__xor3_1)
   0.0075    0.0970    0.4224    3.7682 v s0fa0/fa_array[9].fa0/_1_/X (sky130_fd_sc_hd__xor3_1)
             0.0970    0.0000    3.7682 v s1fa0/fa_array[8].fa0/_1_/B (sky130_fd_sc_hd__xor3_1)
   0.0075    0.0964    0.3964    4.1645 v s1fa0/fa_array[8].fa0/_1_/X (sky130_fd_sc_hd__xor3_1)
             0.0964    0.0000    4.1645 v s2fa0/fa_array[6].fa0/_1_/B (sky130_fd_sc_hd__xor3_1)
   0.0075    0.0964    0.3961    4.5606 v s2fa0/fa_array[6].fa0/_1_/X (sky130_fd_sc_hd__xor3_1)
             0.0964    0.0000    4.5606 v s3fa0/fa_array[4].fa0/_1_/B (sky130_fd_sc_hd__xor3_1)
   0.0075    0.0964    0.3961    4.9568 v s3fa0/fa_array[4].fa0/_1_/X (sky130_fd_sc_hd__xor3_1)
             0.0964    0.0000    4.9568 v s4fa0/fa_array[1].fa0/_1_/B (sky130_fd_sc_hd__xor3_1)
   0.0057    0.0880    0.3820    5.3388 v s4fa0/fa_array[1].fa0/_1_/X (sky130_fd_sc_hd__xor3_1)
             0.0880    0.0000    5.3388 v s5ha0/ha_array[5].ha0/_1_/B (sky130_fd_sc_hd__xor2_1)
   0.0049    0.1533    0.1687    5.5075 ^ s5ha0/ha_array[5].ha0/_1_/X (sky130_fd_sc_hd__xor2_1)
             0.1533    0.0000    5.5075 ^ laststage/ksa25/_131_/B (sky130_fd_sc_hd__nor2_1)
   0.0035    0.0451    0.0616    5.5690 v laststage/ksa25/_131_/Y (sky130_fd_sc_hd__nor2_1)
             0.0451    0.0000    5.5690 v laststage/ksa25/_139_/B1 (sky130_fd_sc_hd__a311o_1)
   0.0067    0.0747    0.3367    5.9058 v laststage/ksa25/_139_/X (sky130_fd_sc_hd__a311o_1)
             0.0747    0.0000    5.9058 v laststage/ksa25/_145_/A3 (sky130_fd_sc_hd__a311o_1)
   0.0069    0.0755    0.3801    6.2859 v laststage/ksa25/_145_/X (sky130_fd_sc_hd__a311o_1)
             0.0755    0.0000    6.2859 v laststage/ksa25/_155_/A1 (sky130_fd_sc_hd__a211oi_1)
   0.0067    0.2980    0.2887    6.5745 ^ laststage/ksa25/_155_/Y (sky130_fd_sc_hd__a211oi_1)
             0.2980    0.0000    6.5745 ^ laststage/ksa25/_167_/A1 (sky130_fd_sc_hd__o211ai_1)
   0.0046    0.0993    0.1579    6.7324 v laststage/ksa25/_167_/Y (sky130_fd_sc_hd__o211ai_1)
             0.0993    0.0000    6.7324 v laststage/ksa25/_178_/A2 (sky130_fd_sc_hd__a311oi_1)
   0.0049    0.2716    0.3161    7.0485 ^ laststage/ksa25/_178_/Y (sky130_fd_sc_hd__a311oi_1)
             0.2716    0.0000    7.0485 ^ laststage/ksa25/_183_/B1 (sky130_fd_sc_hd__a21oi_1)
   0.0058    0.0864    0.0952    7.1438 v laststage/ksa25/_183_/Y (sky130_fd_sc_hd__a21oi_1)
             0.0864    0.0000    7.1438 v laststage/ksa25/_188_/A2 (sky130_fd_sc_hd__o21ai_0)
   0.0062    0.2312    0.2256    7.3694 ^ laststage/ksa25/_188_/Y (sky130_fd_sc_hd__o21ai_0)
             0.2312    0.0000    7.3694 ^ laststage/ksa25/_190_/B (sky130_fd_sc_hd__xor2_1)
   0.0045    0.1455    0.1887    7.5581 ^ laststage/ksa25/_190_/X (sky130_fd_sc_hd__xor2_1)
             0.1455    0.0000    7.5581 ^ inv0/_21_/B (sky130_fd_sc_hd__xor2_1)
   0.0049    0.2391    0.1838    7.7419 ^ inv0/_21_/X (sky130_fd_sc_hd__xor2_1)
             0.2391    0.0000    7.7419 ^ lastadder/ksa32/_285_/B (sky130_fd_sc_hd__nor2_1)
   0.0039    0.0611    0.0748    7.8167 v lastadder/ksa32/_285_/Y (sky130_fd_sc_hd__nor2_1)
             0.0611    0.0000    7.8167 v lastadder/ksa32/_287_/A (sky130_fd_sc_hd__nor2b_1)
   0.0082    0.1785    0.1780    7.9947 ^ lastadder/ksa32/_287_/Y (sky130_fd_sc_hd__nor2b_1)
             0.1785    0.0000    7.9947 ^ lastadder/ksa32/_288_/A (sky130_fd_sc_hd__clkinv_1)
   0.0023    0.0522    0.0797    8.0744 v lastadder/ksa32/_288_/Y (sky130_fd_sc_hd__clkinv_1)
             0.0522    0.0000    8.0744 v lastadder/ksa32/_292_/B1 (sky130_fd_sc_hd__a211oi_1)
   0.0068    0.2994    0.2919    8.3663 ^ lastadder/ksa32/_292_/Y (sky130_fd_sc_hd__a211oi_1)
             0.2994    0.0000    8.3663 ^ lastadder/ksa32/_304_/A1 (sky130_fd_sc_hd__o211a_1)
   0.0049    0.0616    0.2152    8.5816 ^ lastadder/ksa32/_304_/X (sky130_fd_sc_hd__o211a_1)
             0.0616    0.0000    8.5816 ^ lastadder/ksa32/_316_/B1 (sky130_fd_sc_hd__o221ai_1)
   0.0046    0.1216    0.1277    8.7092 v lastadder/ksa32/_316_/Y (sky130_fd_sc_hd__o221ai_1)
             0.1216    0.0000    8.7092 v lastadder/ksa32/_330_/A2 (sky130_fd_sc_hd__a311oi_1)
   0.0068    0.3256    0.3679    9.0772 ^ lastadder/ksa32/_330_/Y (sky130_fd_sc_hd__a311oi_1)
             0.3256    0.0000    9.0772 ^ lastadder/ksa32/_344_/A1 (sky130_fd_sc_hd__o21ai_0)
   0.0045    0.1052    0.1659    9.2431 v lastadder/ksa32/_344_/Y (sky130_fd_sc_hd__o21ai_0)
             0.1052    0.0000    9.2431 v lastadder/ksa32/_346_/B (sky130_fd_sc_hd__xnor2_1)
   0.0500    1.0762    0.8539   10.0969 ^ lastadder/ksa32/_346_/Y (sky130_fd_sc_hd__xnor2_1)
             1.0762    0.0000   10.0969 ^ out[29] (out)
                                10.0969   data arrival time

             0.0000 1000.0000 1000.0000   clock clk (rise edge)
                       0.0000 1000.0000   clock network delay (ideal)
                       0.0000 1000.0000   clock reconvergence pessimism
                      -1.0000  999.0001   output external delay
                               999.0001   data required time
-------------------------------------------------------------------------------
                               999.0001   data required time
                               -10.0969   data arrival time
-------------------------------------------------------------------------------
                               988.9031   slack (MET)


