
11. Printing statistics.

=== $paramod\KoggeStoneAdder\WIDTH=s32'00000000000000000000000000011001 ===

        +----------Local Count, excluding submodules.
        |        +-Local Area, excluding submodules.
        |        | 
      119        - wires
      216        - wire bits
        6        - public wires
      103        - public wire bits
        5        - ports
       77        - port bits
      139  868.333 cells
        1    7.507   sky130_fd_sc_hd__a211oi_1
        3   15.014   sky130_fd_sc_hd__a21oi_1
        1    7.507   sky130_fd_sc_hd__a22oi_1
        6   60.058   sky130_fd_sc_hd__a311o_1
        3   26.275   sky130_fd_sc_hd__a311oi_1
        9   56.304   sky130_fd_sc_hd__a31oi_1
        3   18.768   sky130_fd_sc_hd__and2_0
        1    3.754   sky130_fd_sc_hd__clkinv_1
        4   25.024   sky130_fd_sc_hd__lpflow_inputiso1p_1
        1    10.01   sky130_fd_sc_hd__maj3_1
       34  127.622   sky130_fd_sc_hd__nand2_1
        9   56.304   sky130_fd_sc_hd__nand2b_1
       14    52.55   sky130_fd_sc_hd__nor2_1
        2   12.512   sky130_fd_sc_hd__nor2b_1
        1    8.758   sky130_fd_sc_hd__o2111ai_1
        2   15.014   sky130_fd_sc_hd__o211ai_1
        6   30.029   sky130_fd_sc_hd__o21ai_0
        1    7.507   sky130_fd_sc_hd__o21bai_1
        1    8.758   sky130_fd_sc_hd__o221ai_1
        2   12.512   sky130_fd_sc_hd__o22ai_1
       26  227.718   sky130_fd_sc_hd__xnor2_1
        9   78.826   sky130_fd_sc_hd__xor2_1

   Chip area for module '$paramod\KoggeStoneAdder\WIDTH=s32'00000000000000000000000000011001': 868.332800
     of which used for sequential elements: 0.000000 (0.00%)

=== $paramod\KoggeStoneAdder\WIDTH=s32'00000000000000000000000000100000 ===

        +----------Local Count, excluding submodules.
        |        +-Local Area, excluding submodules.
        |        | 
      169        - wires
      294        - wire bits
        6        - public wires
      131        - public wire bits
        5        - ports
       98        - port bits
      196 1.17E+03 cells
        1    7.507   sky130_fd_sc_hd__a211oi_1
        1    7.507   sky130_fd_sc_hd__a21o_1
        7   35.034   sky130_fd_sc_hd__a21oi_1
        1    8.758   sky130_fd_sc_hd__a221oi_1
        1    8.758   sky130_fd_sc_hd__a22o_1
        1    7.507   sky130_fd_sc_hd__a22oi_1
        2   17.517   sky130_fd_sc_hd__a311oi_1
        7   43.792   sky130_fd_sc_hd__a31oi_1
        1    8.758   sky130_fd_sc_hd__a41oi_1
        7   43.792   sky130_fd_sc_hd__and2_0
        4   15.014   sky130_fd_sc_hd__clkinv_1
        5    31.28   sky130_fd_sc_hd__lpflow_inputiso1p_1
        1    10.01   sky130_fd_sc_hd__maj3_1
       38  142.637   sky130_fd_sc_hd__nand2_1
        5    31.28   sky130_fd_sc_hd__nand2b_1
       32  120.115   sky130_fd_sc_hd__nor2_1
       11   68.816   sky130_fd_sc_hd__nor2b_1
        2    10.01   sky130_fd_sc_hd__nor3_1
        3   30.029   sky130_fd_sc_hd__o211a_1
        4   30.029   sky130_fd_sc_hd__o211ai_1
        3   22.522   sky130_fd_sc_hd__o21a_1
       11   55.053   sky130_fd_sc_hd__o21ai_0
        2   17.517   sky130_fd_sc_hd__o221ai_1
        1    6.256   sky130_fd_sc_hd__o22ai_1
        2   20.019   sky130_fd_sc_hd__o311a_1
        1    8.758   sky130_fd_sc_hd__o311ai_0
        2   17.517   sky130_fd_sc_hd__o31a_1
        1    8.758   sky130_fd_sc_hd__o41ai_1
        1    6.256   sky130_fd_sc_hd__or3_1
       28  245.235   sky130_fd_sc_hd__xnor2_1
       10   87.584   sky130_fd_sc_hd__xor2_1

   Chip area for module '$paramod\KoggeStoneAdder\WIDTH=s32'00000000000000000000000000100000': 1173.625600
     of which used for sequential elements: 0.000000 (0.00%)

=== $paramod\setfa\N=s32'00000000000000000000000000001101 ===

        +----------Local Count, excluding submodules.
        |        +-Local Area, excluding submodules.
        |        | 
        5        - wires
       65        - wire bits
        5        - public wires
       65        - public wire bits
        5        - ports
       65        - port bits
       13        - submodules
       13        -   fa

   Chip area for module '$paramod\setfa\N=s32'00000000000000000000000000001101': 0.000000
     of which used for sequential elements: 0.000000 (-nan%)

=== $paramod\setfa\N=s32'00000000000000000000000000001110 ===

        +----------Local Count, excluding submodules.
        |        +-Local Area, excluding submodules.
        |        | 
        5        - wires
       70        - wire bits
        5        - public wires
       70        - public wire bits
        5        - ports
       70        - port bits
       14        - submodules
       14        -   fa

   Chip area for module '$paramod\setfa\N=s32'00000000000000000000000000001110': 0.000000
     of which used for sequential elements: 0.000000 (-nan%)

=== $paramod\setfa\N=s32'00000000000000000000000000001111 ===

        +----------Local Count, excluding submodules.
        |        +-Local Area, excluding submodules.
        |        | 
        5        - wires
       75        - wire bits
        5        - public wires
       75        - public wire bits
        5        - ports
       75        - port bits
       15        - submodules
       15        -   fa

   Chip area for module '$paramod\setfa\N=s32'00000000000000000000000000001111': 0.000000
     of which used for sequential elements: 0.000000 (-nan%)

=== $paramod\setha\N=s32'00000000000000000000000000000010 ===

        +----------Local Count, excluding submodules.
        |        +-Local Area, excluding submodules.
        |        | 
        4        - wires
        8        - wire bits
        4        - public wires
        8        - public wire bits
        4        - ports
        8        - port bits
        2        - submodules
        2        -   ha

   Chip area for module '$paramod\setha\N=s32'00000000000000000000000000000010': 0.000000
     of which used for sequential elements: 0.000000 (-nan%)

=== $paramod\setha\N=s32'00000000000000000000000000000100 ===

        +----------Local Count, excluding submodules.
        |        +-Local Area, excluding submodules.
        |        | 
        4        - wires
       16        - wire bits
        4        - public wires
       16        - public wire bits
        4        - ports
       16        - port bits
        4        - submodules
        4        -   ha

   Chip area for module '$paramod\setha\N=s32'00000000000000000000000000000100': 0.000000
     of which used for sequential elements: 0.000000 (-nan%)

=== $paramod\setha\N=s32'00000000000000000000000000000101 ===

        +----------Local Count, excluding submodules.
        |        +-Local Area, excluding submodules.
        |        | 
        4        - wires
       20        - wire bits
        4        - public wires
       20        - public wire bits
        4        - ports
       20        - port bits
        5        - submodules
        5        -   ha

   Chip area for module '$paramod\setha\N=s32'00000000000000000000000000000101': 0.000000
     of which used for sequential elements: 0.000000 (-nan%)

=== $paramod\setha\N=s32'00000000000000000000000000000110 ===

        +----------Local Count, excluding submodules.
        |        +-Local Area, excluding submodules.
        |        | 
        4        - wires
       24        - wire bits
        4        - public wires
       24        - public wire bits
        4        - ports
       24        - port bits
        6        - submodules
        6        -   ha

   Chip area for module '$paramod\setha\N=s32'00000000000000000000000000000110': 0.000000
     of which used for sequential elements: 0.000000 (-nan%)

=== $paramod\setha\N=s32'00000000000000000000000000001001 ===

        +----------Local Count, excluding submodules.
        |        +-Local Area, excluding submodules.
        |        | 
        4        - wires
       36        - wire bits
        4        - public wires
       36        - public wire bits
        4        - ports
       36        - port bits
        9        - submodules
        9        -   ha

   Chip area for module '$paramod\setha\N=s32'00000000000000000000000000001001': 0.000000
     of which used for sequential elements: 0.000000 (-nan%)

=== $paramod\setha\N=s32'00000000000000000000000000001010 ===

        +----------Local Count, excluding submodules.
        |        +-Local Area, excluding submodules.
        |        | 
        4        - wires
       40        - wire bits
        4        - public wires
       40        - public wire bits
        4        - ports
       40        - port bits
       10        - submodules
       10        -   ha

   Chip area for module '$paramod\setha\N=s32'00000000000000000000000000001010': 0.000000
     of which used for sequential elements: 0.000000 (-nan%)

=== KSA25 ===

        +----------Local Count, excluding submodules.
        |        +-Local Area, excluding submodules.
        |        | 
        5        - wires
       77        - wire bits
        5        - public wires
       77        - public wire bits
        5        - ports
       77        - port bits
        1        - submodules
        1        -   $paramod\KoggeStoneAdder\WIDTH=s32'00000000000000000000000000011001

   Chip area for module '\KSA25': 0.000000
     of which used for sequential elements: 0.000000 (-nan%)

=== KSA32 ===

        +----------Local Count, excluding submodules.
        |        +-Local Area, excluding submodules.
        |        | 
        5        - wires
       98        - wire bits
        5        - public wires
       98        - public wire bits
        5        - ports
       98        - port bits
        1        - submodules
        1        -   $paramod\KoggeStoneAdder\WIDTH=s32'00000000000000000000000000100000

   Chip area for module '\KSA32': 0.000000
     of which used for sequential elements: 0.000000 (-nan%)

=== fa ===

        +----------Local Count, excluding submodules.
        |        +-Local Area, excluding submodules.
        |        | 
        5        - wires
        5        - wire bits
        5        - public wires
        5        - public wire bits
        5        - ports
        5        - port bits
        2   33.782 cells
        1    10.01   sky130_fd_sc_hd__maj3_1
        1   23.773   sky130_fd_sc_hd__xor3_1

   Chip area for module '\fa': 33.782400
     of which used for sequential elements: 0.000000 (0.00%)

=== ha ===

        +----------Local Count, excluding submodules.
        |        +-Local Area, excluding submodules.
        |        | 
        4        - wires
        4        - wire bits
        4        - public wires
        4        - public wire bits
        4        - ports
        4        - port bits
        2   15.014 cells
        1    6.256   sky130_fd_sc_hd__and2_0
        1    8.758   sky130_fd_sc_hd__xor2_1

   Chip area for module '\ha': 15.014400
     of which used for sequential elements: 0.000000 (0.00%)

=== inv32bits ===

        +----------Local Count, excluding submodules.
        |        +-Local Area, excluding submodules.
        |        | 
        3        - wires
       65        - wire bits
        3        - public wires
       65        - public wire bits
        3        - ports
       65        - port bits
       32  280.269 cells
       32  280.269   sky130_fd_sc_hd__xor2_1

   Chip area for module '\inv32bits': 280.268800
     of which used for sequential elements: 0.000000 (0.00%)

=== wallace1 ===

        +----------Local Count, excluding submodules.
        |        +-Local Area, excluding submodules.
        |        | 
      140        - wires
     1025        - wire bits
       36        - public wires
      921        - public wire bits
        3        - ports
       64        - port bits
      361 1.66E+03 cells
        4   20.019   sky130_fd_sc_hd__a21oi_1
        1    6.256   sky130_fd_sc_hd__and2_0
        2    7.507   sky130_fd_sc_hd__clkinv_1
       34  127.622   sky130_fd_sc_hd__conb_1
       30   187.68   sky130_fd_sc_hd__lpflow_isobufsrc_1
        6   22.522   sky130_fd_sc_hd__nand2_1
        2   12.512   sky130_fd_sc_hd__nand2b_1
      227  852.067   sky130_fd_sc_hd__nor2_1
        2   12.512   sky130_fd_sc_hd__nor4_1
        8   40.038   sky130_fd_sc_hd__o21ai_0
        8   60.058   sky130_fd_sc_hd__o31ai_1
        2   17.517   sky130_fd_sc_hd__o41ai_1
        2   12.512   sky130_fd_sc_hd__or3_1
        6   45.043   sky130_fd_sc_hd__or4_1
        2   17.517   sky130_fd_sc_hd__xnor2_1
       25   218.96   sky130_fd_sc_hd__xor2_1
       31        - submodules
        2        -   $paramod\setfa\N=s32'00000000000000000000000000001101
        6        -   $paramod\setfa\N=s32'00000000000000000000000000001110
        6        -   $paramod\setfa\N=s32'00000000000000000000000000001111
        5        -   $paramod\setha\N=s32'00000000000000000000000000000010
        1        -   $paramod\setha\N=s32'00000000000000000000000000000100
        2        -   $paramod\setha\N=s32'00000000000000000000000000000101
        1        -   $paramod\setha\N=s32'00000000000000000000000000000110
        1        -   $paramod\setha\N=s32'00000000000000000000000000001001
        1        -   $paramod\setha\N=s32'00000000000000000000000000001010
        1        -   KSA25
        1        -   KSA32
        3        -   ha
        1        -   inv32bits

   Chip area for module '\wallace1': 1660.342400
     of which used for sequential elements: 0.000000 (0.00%)

=== design hierarchy ===

        +----------Count including submodules.
        |        +-Area including submodules.
        |        | 
     1232 1.15E+04 wallace1
        2   33.782   fa
        2   33.782   fa
        2   33.782   fa
        2   15.014   ha
        2   15.014   ha
        2   15.014   ha
        2   15.014   ha
        2   15.014   ha
        2   15.014   ha
      139  868.333   $paramod\KoggeStoneAdder\WIDTH=s32'00000000000000000000000000011001
      196 1.17E+03   $paramod\KoggeStoneAdder\WIDTH=s32'00000000000000000000000000100000
        2   15.014 ha
       32  280.269 inv32bits

        +----------Count including submodules.
        |        +-Area including submodules.
        |        | 
     1763        - wires
     4179        - wire bits
     1383        - public wires
     3799        - public wire bits
     1348        - ports
     2883        - port bits
        -        - memories
        -        - memory bits
        -        - processes
     1232 1.15E+04 cells
        2   15.014   sky130_fd_sc_hd__a211oi_1
        1    7.507   sky130_fd_sc_hd__a21o_1
       14   70.067   sky130_fd_sc_hd__a21oi_1
        1    8.758   sky130_fd_sc_hd__a221oi_1
        1    8.758   sky130_fd_sc_hd__a22o_1
        2   15.014   sky130_fd_sc_hd__a22oi_1
        6   60.058   sky130_fd_sc_hd__a311o_1
        5   43.792   sky130_fd_sc_hd__a311oi_1
       16  100.096   sky130_fd_sc_hd__a31oi_1
        1    8.758   sky130_fd_sc_hd__a41oi_1
       63  394.128   sky130_fd_sc_hd__and2_0
        7   26.275   sky130_fd_sc_hd__clkinv_1
       34  127.622   sky130_fd_sc_hd__conb_1
        9   56.304   sky130_fd_sc_hd__lpflow_inputiso1p_1
       30   187.68   sky130_fd_sc_hd__lpflow_isobufsrc_1
      202 2.02E+03   sky130_fd_sc_hd__maj3_1
       78  292.781   sky130_fd_sc_hd__nand2_1
       16  100.096   sky130_fd_sc_hd__nand2b_1
      273 1.02E+03   sky130_fd_sc_hd__nor2_1
       13   81.328   sky130_fd_sc_hd__nor2b_1
        2    10.01   sky130_fd_sc_hd__nor3_1
        2   12.512   sky130_fd_sc_hd__nor4_1
        1    8.758   sky130_fd_sc_hd__o2111ai_1
        3   30.029   sky130_fd_sc_hd__o211a_1
        6   45.043   sky130_fd_sc_hd__o211ai_1
        3   22.522   sky130_fd_sc_hd__o21a_1
       25   125.12   sky130_fd_sc_hd__o21ai_0
        1    7.507   sky130_fd_sc_hd__o21bai_1
        3   26.275   sky130_fd_sc_hd__o221ai_1
        3   18.768   sky130_fd_sc_hd__o22ai_1
        2   20.019   sky130_fd_sc_hd__o311a_1
        1    8.758   sky130_fd_sc_hd__o311ai_0
        2   17.517   sky130_fd_sc_hd__o31a_1
        8   60.058   sky130_fd_sc_hd__o31ai_1
        3   26.275   sky130_fd_sc_hd__o41ai_1
        3   18.768   sky130_fd_sc_hd__or3_1
        6   45.043   sky130_fd_sc_hd__or4_1
       56   490.47   sky130_fd_sc_hd__xnor2_1
      128 1.12E+03   sky130_fd_sc_hd__xor2_1
      200  4754.56   sky130_fd_sc_hd__xor3_1
       31 9.86E+03 submodules
        2  878.342   $paramod\setfa\N=s32'00000000000000000000000000001101
        6 2.84E+03   $paramod\setfa\N=s32'00000000000000000000000000001110
        6 3.04E+03   $paramod\setfa\N=s32'00000000000000000000000000001111
        5  150.144   $paramod\setha\N=s32'00000000000000000000000000000010
        1   60.058   $paramod\setha\N=s32'00000000000000000000000000000100
        2  150.144   $paramod\setha\N=s32'00000000000000000000000000000101
        1   90.086   $paramod\setha\N=s32'00000000000000000000000000000110
        1   135.13   $paramod\setha\N=s32'00000000000000000000000000001001
        1  150.144   $paramod\setha\N=s32'00000000000000000000000000001010
        1  868.333   KSA25
        1 1.17E+03   KSA32
        3  780.749   ha
        1  280.269   inv32bits

   Chip area for top module '\wallace1': 11519.798400
     of which used for sequential elements: 0.000000 (0.00%)

