OpenROAD v2.0-24548-g4fa65c3a24 
Features included (+) or not (-): +GPU +GUI +Python
This program is licensed under the BSD-3 license. See the LICENSE file for details.
Components of this program may be licensed under more restrictive licenses which must be honored.
[INFO ODB-0227] LEF file: /home/arumukamganesmoorthe/tools/open_pdks/sky130/sky130A/libs.ref/sky130_fd_sc_hd/techlef/sky130_fd_sc_hd__nom.tlef, created 14 layers, 25 vias
[WARNING ODB-0220] WARNING (LEFPARS-2008): NOWIREEXTENSIONATPIN statement is obsolete in version 5.6 or later.
The NOWIREEXTENSIONATPIN statement will be ignored. See file /home/arumukamganesmoorthe/tools/open_pdks/sky130/sky130A/libs.ref/sky130_fd_sc_hd/lef/sky130_fd_sc_hd.lef at line 2.

[INFO ODB-0227] LEF file: /home/arumukamganesmoorthe/tools/open_pdks/sky130/sky130A/libs.ref/sky130_fd_sc_hd/lef/sky130_fd_sc_hd.lef, created 437 library cells
[INFO ODB-0127] Reading DEF file: /home/arumukamganesmoorthe/ME/digital_design/booth_multiplier/layout/booth_multiplier_routed.def
[INFO ODB-0128] Design: booth_multiplier
[INFO ODB-0130]     Created 68 pins.
[INFO ODB-0131]     Created 749 components and 3990 component-terminals.
[INFO ODB-0132]     Created 3 special nets and 2533 connections.
[INFO ODB-0133]     Created 485 nets and 1408 connections.
[INFO ODB-0134] Finished DEF file: /home/arumukamganesmoorthe/ME/digital_design/booth_multiplier/layout/booth_multiplier_routed.def
[INFO RCX-0431] Defined process_corner X with ext_model_index 0
[INFO RCX-0029] Defined extraction corner X
[INFO RCX-0435] Reading extraction model file /home/arumukamganesmoorthe/tools/open_pdks/sky130/sky130A/libs.tech/openlane/rules.openrcx.sky130A.nom.calibre ...
[INFO RCX-0436] RC segment generation booth_multiplier (max_merge_res 50.0) ...
[INFO RCX-0040] Final 0 rc segments
[INFO RCX-0439] Coupling Cap extraction booth_multiplier ...
[INFO RCX-0440] Coupling threshhold is 0.1000 fF, coupling capacitance less than 0.1000 fF will be grounded.
[INFO RCX-0442] 97% of 293 wires extracted
[INFO RCX-0442] 100% of 293 wires extracted
[WARNING RCX-0107] Nothing is extracted out of 486 nets!
[INFO RCX-0134] Can't execute write_spef command. There's no extraction data.
