OpenROAD v2.0-24548-g4fa65c3a24 
Features included (+) or not (-): +GPU +GUI +Python
This program is licensed under the BSD-3 license. See the LICENSE file for details.
Components of this program may be licensed under more restrictive licenses which must be honored.
[INFO ODB-0227] LEF file: /home/arumukamganesmoorthe/tools/open_pdks/sky130/sky130A/libs.ref/sky130_fd_sc_hd/techlef/sky130_fd_sc_hd__nom.tlef, created 14 layers, 25 vias
[WARNING ODB-0220] WARNING (LEFPARS-2008): NOWIREEXTENSIONATPIN statement is obsolete in version 5.6 or later.
The NOWIREEXTENSIONATPIN statement will be ignored. See file /home/arumukamganesmoorthe/tools/open_pdks/sky130/sky130A/libs.ref/sky130_fd_sc_hd/lef/sky130_fd_sc_hd.lef at line 2.

[INFO ODB-0227] LEF file: /home/arumukamganesmoorthe/tools/open_pdks/sky130/sky130A/libs.ref/sky130_fd_sc_hd/lef/sky130_fd_sc_hd.lef, created 437 library cells
[INFO ODB-0127] Reading DEF file: /home/arumukamganesmoorthe/ME/digital_design/booth_multiplier/layout/booth_multiplier_floorplan.def
[INFO ODB-0128] Design: booth_multiplier
[INFO ODB-0130]     Created 68 pins.
[INFO ODB-0131]     Created 710 components and 3756 component-terminals.
[INFO ODB-0132]     Created 3 special nets and 2416 connections.
[INFO ODB-0133]     Created 455 nets and 1339 connections.
[INFO ODB-0134] Finished DEF file: /home/arumukamganesmoorthe/ME/digital_design/booth_multiplier/layout/booth_multiplier_floorplan.def
[INFO GPL-0005] Execute conjugate gradient initial placement.
[INFO GPL-0002] DBU: 1000
[INFO GPL-0003] SiteSize: (  0.460  2.720 ) um
[INFO GPL-0004] CoreBBox: (  5.060  5.440 ) ( 115.000 114.240 ) um
[INFO GPL-0006] Number of instances:               710
[INFO GPL-0007] Movable instances:                 418
[INFO GPL-0008] Fixed instances:                   292
[INFO GPL-0009] Dummy instances:                     0
[INFO GPL-0010] Number of nets:                    454
[INFO GPL-0011] Number of pins:                   1407
[INFO GPL-0012] Die BBox:  (  0.000  0.000 ) ( 120.000 120.000 ) um
[INFO GPL-0013] Core BBox: (  5.060  5.440 ) ( 115.000 114.240 ) um
[INFO GPL-0016] Core area:                   11961.472 um^2
[INFO GPL-0017] Fixed instances area:          565.542 um^2
[INFO GPL-0018] Movable instances area:       4822.125 um^2
[INFO GPL-0019] Utilization:                    42.314 %
[INFO GPL-0020] Standard cells area:          4822.125 um^2
[INFO GPL-0021] Large instances area:            0.000 um^2
[InitialPlace]  Iter: 1 conjugate gradient residual: 0.00000009 HPWL: 15760445
[InitialPlace]  Iter: 2 conjugate gradient residual: 0.00000009 HPWL: 5360025
[InitialPlace]  Iter: 3 conjugate gradient residual: 0.00000011 HPWL: 5343378
[InitialPlace]  Iter: 4 conjugate gradient residual: 0.00000010 HPWL: 5357594
[InitialPlace]  Iter: 5 conjugate gradient residual: 0.00000011 HPWL: 5351713
[INFO GPL-0023] Placement target density:       0.7000
[INFO GPL-0024] Movable insts average area:     11.536 um^2
[INFO GPL-0025] Ideal bin area:                 16.480 um^2
[INFO GPL-0026] Ideal bin count:                   725
[INFO GPL-0027] Total bin area:              11961.472 um^2
[INFO GPL-0028] Bin count (X, Y):          16 ,     16
[INFO GPL-0029] Bin size (W * H):       6.871 *  6.800 um
[INFO GPL-0030] Number of bins:                    256
[INFO GPL-0007] Execute nesterov global placement.
[INFO GPL-0031] HPWL: Half-Perimeter Wirelength
Iteration | Overflow |     HPWL (um) |  HPWL(%) |   Penalty | Group
---------------------------------------------------------------
        0 |   0.9519 |  2.371447e+03 |   +0.00% |  7.01e-15 |      
       10 |   0.9384 |  2.243374e+03 |   -5.40% |  1.14e-14 |      
       20 |   0.9349 |  2.240547e+03 |   -0.13% |  1.86e-14 |      
       30 |   0.9352 |  2.237412e+03 |   -0.14% |  3.03e-14 |      
       40 |   0.9351 |  2.237301e+03 |   -0.00% |  4.94e-14 |      
       50 |   0.9351 |  2.237047e+03 |   -0.01% |  8.04e-14 |      
       60 |   0.9351 |  2.236854e+03 |   -0.01% |  1.31e-13 |      
       70 |   0.9350 |  2.237116e+03 |   +0.01% |  2.13e-13 |      
       80 |   0.9350 |  2.237404e+03 |   +0.01% |  3.48e-13 |      
       90 |   0.9349 |  2.237833e+03 |   +0.02% |  5.66e-13 |      
      100 |   0.9348 |  2.238717e+03 |   +0.04% |  9.22e-13 |      
      110 |   0.9346 |  2.240313e+03 |   +0.07% |  1.50e-12 |      
      120 |   0.9343 |  2.243475e+03 |   +0.14% |  2.45e-12 |      
      130 |   0.9333 |  2.248635e+03 |   +0.23% |  3.99e-12 |      
      140 |   0.9315 |  2.260153e+03 |   +0.51% |  6.49e-12 |      
      150 |   0.9225 |  2.290290e+03 |   +1.33% |  1.06e-11 |      
      160 |   0.9102 |  2.356631e+03 |   +2.90% |  1.72e-11 |      
      170 |   0.8990 |  2.487746e+03 |   +5.56% |  2.81e-11 |      
      180 |   0.8730 |  2.669801e+03 |   +7.32% |  4.57e-11 |      
      190 |   0.8515 |  2.873219e+03 |   +7.62% |  7.45e-11 |      
      200 |   0.8234 |  3.147161e+03 |   +9.53% |  1.21e-10 |      
      210 |   0.7833 |  3.375465e+03 |   +7.25% |  1.98e-10 |      
      220 |   0.7408 |  3.645167e+03 |   +7.99% |  3.22e-10 |      
      230 |   0.7014 |  3.891105e+03 |   +6.75% |  5.24e-10 |      
      240 |   0.6549 |  4.200548e+03 |   +7.95% |  8.54e-10 |      
      250 |   0.6078 |  4.450273e+03 |   +5.95% |  1.39e-09 |      
      260 |   0.5575 |  4.768204e+03 |   +7.14% |  2.27e-09 |      
      270 |   0.5123 |  5.069922e+03 |   +6.33% |  3.69e-09 |      
      280 |   0.4648 |  5.373622e+03 |   +5.99% |  6.01e-09 |      
      290 |   0.4054 |  5.592800e+03 |   +4.08% |  9.79e-09 |      
      300 |   0.3299 |  5.702708e+03 |   +1.97% |  1.58e-08 |      
      310 |   0.2956 |  5.847486e+03 |   +2.54% |  2.33e-08 |      
      320 |   0.2558 |  5.993095e+03 |   +2.49% |  3.43e-08 |      
      330 |   0.2172 |  6.129592e+03 |   +2.28% |  5.05e-08 |      
      340 |   0.1871 |  6.274442e+03 |   +2.36% |  7.43e-08 |      
      350 |   0.1629 |  6.384813e+03 |   +1.76% |  1.10e-07 |      
      360 |   0.1339 |  6.481978e+03 |   +1.52% |  1.61e-07 |      
      370 |   0.1110 |  6.542645e+03 |   +0.94% |  2.38e-07 |      
      375 |   0.0993 |  6.567748e+03 |          |  3.00e-07 |      
---------------------------------------------------------------
[INFO GPL-1001] Global placement finished at iteration 375
[INFO GPL-1002] Placed Cell Area             4822.1248
[INFO GPL-1003] Available Free Area         11395.9296
[INFO GPL-1004] Minimum Feasible Density        0.4300 (cell_area / free_area)
[INFO GPL-1006]   Suggested Target Densities:
[INFO GPL-1007]     - For 90% usage of free space: 0.4702
[INFO GPL-1008]     - For 80% usage of free space: 0.5289
[INFO GPL-1009]     - For 50% usage of free space: 0.8463
[INFO GPL-1014] Final placement area: 4822.12 (+0.00%)
[WARNING DPL-0037] Use remove_fillers before detailed placement.
Placement Analysis
---------------------------------
total displacement       1212.6 u
average displacement        1.7 u
max displacement           13.8 u
original HPWL            6578.9 u
legalized HPWL           7691.7 u
delta HPWL                   17 %

[INFO DPL-0020] Mirrored 165 instances
[INFO DPL-0021] HPWL before            7691.7 u
[INFO DPL-0022] HPWL after             7387.0 u
[INFO DPL-0023] HPWL delta               -4.0 %
Design area 4822 u^2 40% utilization.
