Warning: constraints.sdc line 1, unknown field nets.
Startpoint: a[0] (input port clocked by clk)
Endpoint: out[0] (output port clocked by clk)
Path Group: clk
Path Type: min

Fanout       Cap      Slew     Delay      Time   Description
-------------------------------------------------------------------------------------
                    0.0000    0.0000    0.0000   clock clk (rise edge)
                              0.0000    0.0000   clock network delay (ideal)
                              1.0000    1.0000 ^ input external delay
    20    0.0736    0.1500    0.0000    1.0000 ^ a[0] (in)
                    0.1522    0.0011    1.0011 ^ _110_/B (sky130_fd_sc_hd__and2_0)
     2    0.0084    0.1275    0.1977    1.1988 ^ _110_/X (sky130_fd_sc_hd__and2_0)
                    0.1275    0.0002    1.1990 ^ finaladder32bit/ksa32/_163_/B (sky130_fd_sc_hd__xnor2_1)
     1    0.0048    0.0524    0.0895    1.2885 v finaladder32bit/ksa32/_163_/Y (sky130_fd_sc_hd__xnor2_1)
                    0.0524    0.0001    1.2886 v finaladder32bit/ksa32/_164_/B (sky130_fd_sc_hd__xnor2_1)
     1    0.0052    0.0732    0.1655    1.4541 ^ finaladder32bit/ksa32/_164_/Y (sky130_fd_sc_hd__xnor2_1)
                    0.0732    0.0002    1.4543 ^ inv0/_00_/B (sky130_fd_sc_hd__xor2_1)
     2    0.0078    0.0559    0.0887    1.5430 v inv0/_00_/X (sky130_fd_sc_hd__xor2_1)
                    0.0559    0.0002    1.5432 v lastadder/ksa32/_163_/B (sky130_fd_sc_hd__xnor2_1)
     1    0.0052    0.0744    0.1669    1.7101 ^ lastadder/ksa32/_163_/Y (sky130_fd_sc_hd__xnor2_1)
                    0.0744    0.0002    1.7102 ^ lastadder/ksa32/_164_/B (sky130_fd_sc_hd__xnor2_1)
     1    0.0519    0.3780    0.3202    2.0304 v lastadder/ksa32/_164_/Y (sky130_fd_sc_hd__xnor2_1)
                    0.3780    0.0013    2.0317 v out[0] (out)
                                        2.0317   data arrival time

                    0.0000    0.0000    0.0000   clock clk (rise edge)
                              0.0000    0.0000   clock network delay (ideal)
                              0.0000    0.0000   clock reconvergence pessimism
                             -1.0000   -1.0000   output external delay
                                       -1.0000   data required time
-------------------------------------------------------------------------------------
                                       -1.0000   data required time
                                       -2.0317   data arrival time
-------------------------------------------------------------------------------------
                                        3.0317   slack (MET)


Startpoint: a[0] (input port clocked by clk)
Endpoint: out[30] (output port clocked by clk)
Path Group: clk
Path Type: max

Fanout       Cap      Slew     Delay      Time   Description
-------------------------------------------------------------------------------------
                    0.0000    0.0000    0.0000   clock clk (rise edge)
                              0.0000    0.0000   clock network delay (ideal)
                              1.0000    1.0000 v input external delay
    20    0.0711    0.1500    0.0000    1.0000 v a[0] (in)
                    0.1529    0.0014    1.0014 v _120_/A (sky130_fd_sc_hd__or4_1)
     4    0.0116    0.1348    0.6212    1.6226 v _120_/X (sky130_fd_sc_hd__or4_1)
                    0.1348    0.0004    1.6230 v _130_/D (sky130_fd_sc_hd__nor4_1)
     2    0.0072    0.3679    0.3105    1.9335 ^ _130_/Y (sky130_fd_sc_hd__nor4_1)
                    0.3679    0.0002    1.9337 ^ _134_/B (sky130_fd_sc_hd__nand2b_1)
     4    0.0124    0.1325    0.1771    2.1108 v _134_/Y (sky130_fd_sc_hd__nand2b_1)
                    0.1325    0.0004    2.1111 v _144_/D (sky130_fd_sc_hd__or4_1)
     5    0.0134    0.1434    0.5052    2.6163 v _144_/X (sky130_fd_sc_hd__or4_1)
                    0.1434    0.0003    2.6166 v _148_/A2 (sky130_fd_sc_hd__o21ai_0)
     1    0.0055    0.2036    0.2332    2.8498 ^ _148_/Y (sky130_fd_sc_hd__o21ai_0)
                    0.2036    0.0002    2.8500 ^ _149_/B (sky130_fd_sc_hd__xor2_1)
    16    0.0895    1.7132    1.3151    4.1651 ^ _149_/X (sky130_fd_sc_hd__xor2_1)
                    1.7134    0.0175    4.1826 ^ _150_/SLEEP (sky130_fd_sc_hd__lpflow_isobufsrc_1)
     2    0.0090    0.2735    0.2097    4.3923 v _150_/X (sky130_fd_sc_hd__lpflow_isobufsrc_1)
                    0.2735    0.0002    4.3924 v s1fa0/fa_array[3].fa0/_1_/B (sky130_fd_sc_hd__xor3_1)
     2    0.0095    0.1023    0.4807    4.8731 v s1fa0/fa_array[3].fa0/_1_/X (sky130_fd_sc_hd__xor3_1)
                    0.1023    0.0003    4.8734 v s2fa0/fa_array[6].fa0/_1_/B (sky130_fd_sc_hd__xor3_1)
     2    0.0125    0.1161    0.4283    5.3018 v s2fa0/fa_array[6].fa0/_1_/X (sky130_fd_sc_hd__xor3_1)
                    0.1161    0.0006    5.3024 v s3fa0/fa_array[8].fa0/_1_/B (sky130_fd_sc_hd__xor3_1)
     2    0.0097    0.1032    0.4189    5.7212 v s3fa0/fa_array[8].fa0/_1_/X (sky130_fd_sc_hd__xor3_1)
                    0.1032    0.0004    5.7216 v s4fa0/fa_array[9].fa0/_1_/B (sky130_fd_sc_hd__xor3_1)
     2    0.0106    0.1068    0.4180    6.1396 v s4fa0/fa_array[9].fa0/_1_/X (sky130_fd_sc_hd__xor3_1)
                    0.1068    0.0004    6.1400 v s5fa0/fa_array[7].fa0/_1_/B (sky130_fd_sc_hd__xor3_1)
     2    0.0058    0.0853    0.3867    6.5267 v s5fa0/fa_array[7].fa0/_1_/X (sky130_fd_sc_hd__xor3_1)
                    0.0853    0.0002    6.5269 v finaladder32bit/ksa32/_230_/B (sky130_fd_sc_hd__nand2_1)
     3    0.0071    0.0807    0.1059    6.6328 ^ finaladder32bit/ksa32/_230_/Y (sky130_fd_sc_hd__nand2_1)
                    0.0807    0.0001    6.6329 ^ finaladder32bit/ksa32/_231_/B_N (sky130_fd_sc_hd__nor2b_1)
     2    0.0064    0.1437    0.1771    6.8100 ^ finaladder32bit/ksa32/_231_/Y (sky130_fd_sc_hd__nor2b_1)
                    0.1437    0.0001    6.8101 ^ finaladder32bit/ksa32/_232_/A (sky130_fd_sc_hd__clkinv_1)
     2    0.0073    0.0761    0.1109    6.9210 v finaladder32bit/ksa32/_232_/Y (sky130_fd_sc_hd__clkinv_1)
                    0.0761    0.0002    6.9212 v finaladder32bit/ksa32/_239_/A4 (sky130_fd_sc_hd__o41ai_1)
     2    0.0088    0.4785    0.4199    7.3411 ^ finaladder32bit/ksa32/_239_/Y (sky130_fd_sc_hd__o41ai_1)
                    0.4785    0.0003    7.3414 ^ finaladder32bit/ksa32/_251_/A2 (sky130_fd_sc_hd__a31oi_1)
     2    0.0094    0.1561    0.2187    7.5601 v finaladder32bit/ksa32/_251_/Y (sky130_fd_sc_hd__a31oi_1)
                    0.1561    0.0004    7.5604 v finaladder32bit/ksa32/_261_/A2 (sky130_fd_sc_hd__o211a_1)
     3    0.0079    0.0623    0.2719    7.8323 v finaladder32bit/ksa32/_261_/X (sky130_fd_sc_hd__o211a_1)
                    0.0623    0.0002    7.8324 v finaladder32bit/ksa32/_263_/C (sky130_fd_sc_hd__nor3_1)
     1    0.0036    0.1661    0.1479    7.9803 ^ finaladder32bit/ksa32/_263_/Y (sky130_fd_sc_hd__nor3_1)
                    0.1661    0.0001    7.9804 ^ finaladder32bit/ksa32/_274_/B1 (sky130_fd_sc_hd__o221ai_1)
     2    0.0071    0.1450    0.1780    8.1585 v finaladder32bit/ksa32/_274_/Y (sky130_fd_sc_hd__o221ai_1)
                    0.1450    0.0002    8.1587 v finaladder32bit/ksa32/_292_/A1 (sky130_fd_sc_hd__a211oi_1)
     3    0.0176    0.5950    0.5446    8.7033 ^ finaladder32bit/ksa32/_292_/Y (sky130_fd_sc_hd__a211oi_1)
                    0.5950    0.0011    8.7044 ^ finaladder32bit/ksa32/_303_/A1 (sky130_fd_sc_hd__o21ai_0)
     1    0.0054    0.1463    0.2255    8.9299 v finaladder32bit/ksa32/_303_/Y (sky130_fd_sc_hd__o21ai_0)
                    0.1463    0.0002    8.9301 v finaladder32bit/ksa32/_305_/B (sky130_fd_sc_hd__xnor2_1)
     1    0.0132    0.3204    0.3235    9.2536 ^ finaladder32bit/ksa32/_305_/Y (sky130_fd_sc_hd__xnor2_1)
                    0.3204    0.0007    9.2543 ^ inv0/_23_/B (sky130_fd_sc_hd__xor2_1)
     4    0.0163    0.4542    0.3553    9.6096 ^ inv0/_23_/X (sky130_fd_sc_hd__xor2_1)
                    0.4542    0.0008    9.6104 ^ lastadder/ksa32/_301_/B (sky130_fd_sc_hd__xor2_1)
     3    0.0112    0.2827    0.2940    9.9044 ^ lastadder/ksa32/_301_/X (sky130_fd_sc_hd__xor2_1)
                    0.2827    0.0001    9.9045 ^ lastadder/ksa32/_307_/B (sky130_fd_sc_hd__nand2_1)
     1    0.0026    0.0585    0.0874    9.9920 v lastadder/ksa32/_307_/Y (sky130_fd_sc_hd__nand2_1)
                    0.0585    0.0001    9.9920 v lastadder/ksa32/_310_/A2 (sky130_fd_sc_hd__o21a_1)
     2    0.0133    0.0817    0.2160   10.2080 v lastadder/ksa32/_310_/X (sky130_fd_sc_hd__o21a_1)
                    0.0817    0.0007   10.2087 v lastadder/ksa32/_320_/A1 (sky130_fd_sc_hd__o211a_1)
     2    0.0076    0.0605    0.2559   10.4646 v lastadder/ksa32/_320_/X (sky130_fd_sc_hd__o211a_1)
                    0.0605    0.0001   10.4648 v lastadder/ksa32/_338_/A1 (sky130_fd_sc_hd__o21ai_0)
     2    0.0094    0.3116    0.2946   10.7593 ^ lastadder/ksa32/_338_/Y (sky130_fd_sc_hd__o21ai_0)
                    0.3116    0.0003   10.7596 ^ lastadder/ksa32/_348_/A3 (sky130_fd_sc_hd__a41oi_1)
     2    0.0075    0.1479    0.2066   10.9662 v lastadder/ksa32/_348_/Y (sky130_fd_sc_hd__a41oi_1)
                    0.1479    0.0001   10.9663 v lastadder/ksa32/_352_/A (sky130_fd_sc_hd__xnor2_1)
     1    0.0689    1.4547    1.1658   12.1321 ^ lastadder/ksa32/_352_/Y (sky130_fd_sc_hd__xnor2_1)
                    1.4547    0.0037   12.1358 ^ out[30] (out)
                                       12.1358   data arrival time

                    0.0000 1000.0000 1000.0000   clock clk (rise edge)
                              0.0000 1000.0000   clock network delay (ideal)
                              0.0000 1000.0000   clock reconvergence pessimism
                             -1.0000  999.0001   output external delay
                                      999.0001   data required time
-------------------------------------------------------------------------------------
                                      999.0001   data required time
                                      -12.1358   data arrival time
-------------------------------------------------------------------------------------
                                      986.8642   slack (MET)


