
11. Printing statistics.

=== $paramod\KoggeStoneAdder\WIDTH=s32'00000000000000000000000000000100 ===

        +----------Local Count, excluding submodules.
        |        +-Local Area, excluding submodules.
        |        | 
       13        - wires
       26        - wire bits
        6        - public wires
       19        - public wire bits
        5        - ports
       14        - port bits
       12  110.106 cells
        4   40.038   sky130_fd_sc_hd__maj3_1
        8   70.067   sky130_fd_sc_hd__xnor2_1

   Chip area for module '$paramod\KoggeStoneAdder\WIDTH=s32'00000000000000000000000000000100': 110.105600
     of which used for sequential elements: 0.000000 (0.00%)

=== $paramod\KoggeStoneAdder\WIDTH=s32'00000000000000000000000000000110 ===

        +----------Local Count, excluding submodules.
        |        +-Local Area, excluding submodules.
        |        | 
       25        - wires
       46        - wire bits
        6        - public wires
       27        - public wire bits
        5        - ports
       20        - port bits
       26  181.424 cells
        1    5.005   sky130_fd_sc_hd__a21oi_1
        1    6.256   sky130_fd_sc_hd__a31oi_1
        1    6.256   sky130_fd_sc_hd__and2_0
        1    6.256   sky130_fd_sc_hd__and3_1
        1    6.256   sky130_fd_sc_hd__lpflow_inputiso1p_1
        3   30.029   sky130_fd_sc_hd__maj3_1
        4   15.014   sky130_fd_sc_hd__nand2_1
        1    6.256   sky130_fd_sc_hd__nand2b_1
        2    7.507   sky130_fd_sc_hd__nor2_1
        1    5.005   sky130_fd_sc_hd__o21ai_0
        1    8.758   sky130_fd_sc_hd__o221ai_1
        8   70.067   sky130_fd_sc_hd__xnor2_1
        1    8.758   sky130_fd_sc_hd__xor2_1

   Chip area for module '$paramod\KoggeStoneAdder\WIDTH=s32'00000000000000000000000000000110': 181.424000
     of which used for sequential elements: 0.000000 (0.00%)

=== $paramod\KoggeStoneAdder\WIDTH=s32'00000000000000000000000000001000 ===

        +----------Local Count, excluding submodules.
        |        +-Local Area, excluding submodules.
        |        | 
       33        - wires
       62        - wire bits
        6        - public wires
       35        - public wire bits
        5        - ports
       26        - port bits
       36  245.235 cells
        1    10.01   sky130_fd_sc_hd__a21bo_1
        1    5.005   sky130_fd_sc_hd__a21oi_1
        1    10.01   sky130_fd_sc_hd__a311o_1
        1    6.256   sky130_fd_sc_hd__a31oi_1
        2   12.512   sky130_fd_sc_hd__and2_0
        1    6.256   sky130_fd_sc_hd__lpflow_inputiso1p_1
        3   30.029   sky130_fd_sc_hd__maj3_1
        7   26.275   sky130_fd_sc_hd__nand2_1
        1    6.256   sky130_fd_sc_hd__nand2b_1
        3   11.261   sky130_fd_sc_hd__nor2_1
        1    6.256   sky130_fd_sc_hd__nor2b_1
        2    10.01   sky130_fd_sc_hd__o21ai_0
        1    8.758   sky130_fd_sc_hd__o221ai_1
       10   87.584   sky130_fd_sc_hd__xnor2_1
        1    8.758   sky130_fd_sc_hd__xor2_1

   Chip area for module '$paramod\KoggeStoneAdder\WIDTH=s32'00000000000000000000000000001000': 245.235200
     of which used for sequential elements: 0.000000 (0.00%)

=== $paramod\KoggeStoneAdder\WIDTH=s32'00000000000000000000000000001100 ===

        +----------Local Count, excluding submodules.
        |        +-Local Area, excluding submodules.
        |        | 
       56        - wires
      101        - wire bits
        6        - public wires
       51        - public wire bits
        5        - ports
       38        - port bits
       63  392.877 cells
        3   15.014   sky130_fd_sc_hd__a21oi_1
        1    8.758   sky130_fd_sc_hd__a311oi_1
        1    6.256   sky130_fd_sc_hd__a31oi_1
        5    31.28   sky130_fd_sc_hd__and2_0
        1    6.256   sky130_fd_sc_hd__and3_1
        1    3.754   sky130_fd_sc_hd__clkinv_1
        6   37.536   sky130_fd_sc_hd__lpflow_inputiso1p_1
        3   30.029   sky130_fd_sc_hd__maj3_1
       13   48.797   sky130_fd_sc_hd__nand2_1
        1    6.256   sky130_fd_sc_hd__nand2b_1
        7   26.275   sky130_fd_sc_hd__nor2_1
        1    6.256   sky130_fd_sc_hd__nor2b_1
        3   15.014   sky130_fd_sc_hd__o21ai_0
        1   11.261   sky130_fd_sc_hd__o221a_1
        2   17.517   sky130_fd_sc_hd__o311ai_0
       11   96.342   sky130_fd_sc_hd__xnor2_1
        3   26.275   sky130_fd_sc_hd__xor2_1

   Chip area for module '$paramod\KoggeStoneAdder\WIDTH=s32'00000000000000000000000000001100': 392.876800
     of which used for sequential elements: 0.000000 (0.00%)

=== $paramod\KoggeStoneAdder\WIDTH=s32'00000000000000000000000000010000 ===

        +----------Local Count, excluding submodules.
        |        +-Local Area, excluding submodules.
        |        | 
       76        - wires
      137        - wire bits
        6        - public wires
       67        - public wire bits
        5        - ports
       50        - port bits
       87  554.282 cells
        1    7.507   sky130_fd_sc_hd__a21o_1
        1    5.005   sky130_fd_sc_hd__a21oi_1
        3   30.029   sky130_fd_sc_hd__a311o_1
        3   26.275   sky130_fd_sc_hd__a311oi_1
        7   43.792   sky130_fd_sc_hd__a31oi_1
        2   12.512   sky130_fd_sc_hd__and2_0
        1    6.256   sky130_fd_sc_hd__lpflow_inputiso1p_1
        1    6.256   sky130_fd_sc_hd__lpflow_isobufsrc_1
        1    10.01   sky130_fd_sc_hd__maj3_1
       19   71.318   sky130_fd_sc_hd__nand2_1
        5    31.28   sky130_fd_sc_hd__nand2b_1
        8   30.029   sky130_fd_sc_hd__nor2_1
        3   18.768   sky130_fd_sc_hd__nor2b_1
        1    5.005   sky130_fd_sc_hd__nor3_1
        1    7.507   sky130_fd_sc_hd__o211ai_1
        4   20.019   sky130_fd_sc_hd__o21ai_0
        2   17.517   sky130_fd_sc_hd__o221ai_1
        2   12.512   sky130_fd_sc_hd__o22ai_1
       18  157.651   sky130_fd_sc_hd__xnor2_1
        4   35.034   sky130_fd_sc_hd__xor2_1

   Chip area for module '$paramod\KoggeStoneAdder\WIDTH=s32'00000000000000000000000000010000': 554.281600
     of which used for sequential elements: 0.000000 (0.00%)

=== $paramod\KoggeStoneAdder\WIDTH=s32'00000000000000000000000000011000 ===

        +----------Local Count, excluding submodules.
        |        +-Local Area, excluding submodules.
        |        | 
      119        - wires
      212        - wire bits
        6        - public wires
       99        - public wire bits
        5        - ports
       74        - port bits
      138  848.314 cells
        2   15.014   sky130_fd_sc_hd__a211oi_1
        4   20.019   sky130_fd_sc_hd__a21oi_1
        1    7.507   sky130_fd_sc_hd__a22oi_1
        4   40.038   sky130_fd_sc_hd__a311o_1
        1    8.758   sky130_fd_sc_hd__a311oi_1
        7   43.792   sky130_fd_sc_hd__a31oi_1
        4   25.024   sky130_fd_sc_hd__and2_0
        2    7.507   sky130_fd_sc_hd__clkinv_1
        6   37.536   sky130_fd_sc_hd__lpflow_inputiso1p_1
        1    10.01   sky130_fd_sc_hd__maj3_1
       36   135.13   sky130_fd_sc_hd__nand2_1
        5    31.28   sky130_fd_sc_hd__nand2b_1
        1    5.005   sky130_fd_sc_hd__nand3_1
       12   45.043   sky130_fd_sc_hd__nor2_1
        4   25.024   sky130_fd_sc_hd__nor2b_1
        1    10.01   sky130_fd_sc_hd__o211a_1
        3   22.522   sky130_fd_sc_hd__o211ai_1
        6   30.029   sky130_fd_sc_hd__o21ai_0
        1    7.507   sky130_fd_sc_hd__o21bai_1
        2   17.517   sky130_fd_sc_hd__o221ai_1
        1    8.758   sky130_fd_sc_hd__o22a_1
        1    6.256   sky130_fd_sc_hd__o22ai_1
       28  245.235   sky130_fd_sc_hd__xnor2_1
        5   43.792   sky130_fd_sc_hd__xor2_1

   Chip area for module '$paramod\KoggeStoneAdder\WIDTH=s32'00000000000000000000000000011000': 848.313600
     of which used for sequential elements: 0.000000 (0.00%)

=== $paramod\KoggeStoneAdder\WIDTH=s32'00000000000000000000000000100000 ===

        +----------Local Count, excluding submodules.
        |        +-Local Area, excluding submodules.
        |        | 
      169        - wires
      294        - wire bits
        6        - public wires
      131        - public wire bits
        5        - ports
       98        - port bits
      196 1.17E+03 cells
        1    7.507   sky130_fd_sc_hd__a211oi_1
        1    7.507   sky130_fd_sc_hd__a21o_1
        7   35.034   sky130_fd_sc_hd__a21oi_1
        1    8.758   sky130_fd_sc_hd__a221oi_1
        1    8.758   sky130_fd_sc_hd__a22o_1
        1    7.507   sky130_fd_sc_hd__a22oi_1
        2   17.517   sky130_fd_sc_hd__a311oi_1
        7   43.792   sky130_fd_sc_hd__a31oi_1
        1    8.758   sky130_fd_sc_hd__a41oi_1
        7   43.792   sky130_fd_sc_hd__and2_0
        4   15.014   sky130_fd_sc_hd__clkinv_1
        5    31.28   sky130_fd_sc_hd__lpflow_inputiso1p_1
        1    10.01   sky130_fd_sc_hd__maj3_1
       38  142.637   sky130_fd_sc_hd__nand2_1
        5    31.28   sky130_fd_sc_hd__nand2b_1
       32  120.115   sky130_fd_sc_hd__nor2_1
       11   68.816   sky130_fd_sc_hd__nor2b_1
        2    10.01   sky130_fd_sc_hd__nor3_1
        3   30.029   sky130_fd_sc_hd__o211a_1
        4   30.029   sky130_fd_sc_hd__o211ai_1
        3   22.522   sky130_fd_sc_hd__o21a_1
       11   55.053   sky130_fd_sc_hd__o21ai_0
        2   17.517   sky130_fd_sc_hd__o221ai_1
        1    6.256   sky130_fd_sc_hd__o22ai_1
        2   20.019   sky130_fd_sc_hd__o311a_1
        1    8.758   sky130_fd_sc_hd__o311ai_0
        2   17.517   sky130_fd_sc_hd__o31a_1
        1    8.758   sky130_fd_sc_hd__o41ai_1
        1    6.256   sky130_fd_sc_hd__or3_1
       28  245.235   sky130_fd_sc_hd__xnor2_1
       10   87.584   sky130_fd_sc_hd__xor2_1

   Chip area for module '$paramod\KoggeStoneAdder\WIDTH=s32'00000000000000000000000000100000': 1173.625600
     of which used for sequential elements: 0.000000 (0.00%)

=== KSA32 ===

        +----------Local Count, excluding submodules.
        |        +-Local Area, excluding submodules.
        |        | 
        5        - wires
       98        - wire bits
        5        - public wires
       98        - public wire bits
        5        - ports
       98        - port bits
        1        - submodules
        1        -   $paramod\KoggeStoneAdder\WIDTH=s32'00000000000000000000000000100000

   Chip area for module '\KSA32': 0.000000
     of which used for sequential elements: 0.000000 (-nan%)

=== ha ===

        +----------Local Count, excluding submodules.
        |        +-Local Area, excluding submodules.
        |        | 
        4        - wires
        4        - wire bits
        4        - public wires
        4        - public wire bits
        4        - ports
        4        - port bits
        2   15.014 cells
        1    6.256   sky130_fd_sc_hd__and2_0
        1    8.758   sky130_fd_sc_hd__xor2_1

   Chip area for module '\ha': 15.014400
     of which used for sequential elements: 0.000000 (0.00%)

=== inv32bits ===

        +----------Local Count, excluding submodules.
        |        +-Local Area, excluding submodules.
        |        | 
        3        - wires
       65        - wire bits
        3        - public wires
       65        - public wire bits
        3        - ports
       65        - port bits
       32  280.269 cells
       32  280.269   sky130_fd_sc_hd__xor2_1

   Chip area for module '\inv32bits': 280.268800
     of which used for sequential elements: 0.000000 (0.00%)

=== vedic1 ===

        +----------Local Count, excluding submodules.
        |        +-Local Area, excluding submodules.
        |        | 
       80        - wires
      233        - wire bits
        8        - public wires
      161        - public wire bits
        3        - ports
       64        - port bits
      103  626.851 cells
        2   15.014   sky130_fd_sc_hd__a21o_1
        2    7.507   sky130_fd_sc_hd__clkinv_1
       32  120.115   sky130_fd_sc_hd__conb_1
        6   22.522   sky130_fd_sc_hd__nand2_1
        4   25.024   sky130_fd_sc_hd__nand2b_1
        2    10.01   sky130_fd_sc_hd__nor3_1
        2   12.512   sky130_fd_sc_hd__nor4_1
        2   20.019   sky130_fd_sc_hd__nor4bb_1
       10   50.048   sky130_fd_sc_hd__o21ai_0
        8   60.058   sky130_fd_sc_hd__o31ai_1
        2   17.517   sky130_fd_sc_hd__o41ai_1
        4   30.029   sky130_fd_sc_hd__or4_1
       26  227.718   sky130_fd_sc_hd__xnor2_1
        1    8.758   sky130_fd_sc_hd__xor2_1
        3        - submodules
        1        -   KSA32
        1        -   inv32bits
        1        -   vedic16x16

   Chip area for module '\vedic1': 626.851200
     of which used for sequential elements: 0.000000 (0.00%)

=== vedic16x16 ===

        +----------Local Count, excluding submodules.
        |        +-Local Area, excluding submodules.
        |        | 
       49        - wires
      307        - wire bits
       14        - public wires
      272        - public wire bits
        3        - ports
       64        - port bits
       35  131.376 cells
       35  131.376   sky130_fd_sc_hd__conb_1
        7        - submodules
        1        -   $paramod\KoggeStoneAdder\WIDTH=s32'00000000000000000000000000010000
        2        -   $paramod\KoggeStoneAdder\WIDTH=s32'00000000000000000000000000011000
        4        -   vedic_8X8

   Chip area for module '\vedic16x16': 131.376000
     of which used for sequential elements: 0.000000 (0.00%)

=== vedic_2_x_2 ===

        +----------Local Count, excluding submodules.
        |        +-Local Area, excluding submodules.
        |        | 
        4        - wires
       12        - wire bits
        4        - public wires
       12        - public wire bits
        3        - ports
        8        - port bits
        4   25.024 cells
        4   25.024   sky130_fd_sc_hd__and2_0
        2        - submodules
        2        -   ha

   Chip area for module '\vedic_2_x_2': 25.024000
     of which used for sequential elements: 0.000000 (0.00%)

=== vedic_4_x_4 ===

        +----------Local Count, excluding submodules.
        |        +-Local Area, excluding submodules.
        |        | 
       25        - wires
       79        - wire bits
       14        - public wires
       68        - public wire bits
        3        - ports
       16        - port bits
       11    41.29 cells
       11    41.29   sky130_fd_sc_hd__conb_1
        7        - submodules
        1        -   $paramod\KoggeStoneAdder\WIDTH=s32'00000000000000000000000000000100
        2        -   $paramod\KoggeStoneAdder\WIDTH=s32'00000000000000000000000000000110
        4        -   vedic_2_x_2

   Chip area for module '\vedic_4_x_4': 41.289600
     of which used for sequential elements: 0.000000 (0.00%)

=== vedic_8X8 ===

        +----------Local Count, excluding submodules.
        |        +-Local Area, excluding submodules.
        |        | 
       33        - wires
      155        - wire bits
       14        - public wires
      136        - public wire bits
        3        - ports
       32        - port bits
       19   71.318 cells
       19   71.318   sky130_fd_sc_hd__conb_1
        7        - submodules
        1        -   $paramod\KoggeStoneAdder\WIDTH=s32'00000000000000000000000000001000
        2        -   $paramod\KoggeStoneAdder\WIDTH=s32'00000000000000000000000000001100
        4        -   vedic_4_x_4

   Chip area for module '\vedic_8X8': 71.318400
     of which used for sequential elements: 0.000000 (0.00%)

=== design hierarchy ===

        +----------Count including submodules.
        |        +-Area including submodules.
        |        | 
     3165 2.06E+04 vedic1
      196 1.17E+03   $paramod\KoggeStoneAdder\WIDTH=s32'00000000000000000000000000100000
       32  280.269 inv32bits
       35  131.376 vedic16x16
       87  554.282   $paramod\KoggeStoneAdder\WIDTH=s32'00000000000000000000000000010000
      138  848.314   $paramod\KoggeStoneAdder\WIDTH=s32'00000000000000000000000000011000
       19   71.318   vedic_8X8
       36  245.235     $paramod\KoggeStoneAdder\WIDTH=s32'00000000000000000000000000001000
       63  392.877     $paramod\KoggeStoneAdder\WIDTH=s32'00000000000000000000000000001100
       11    41.29     vedic_4_x_4
       12  110.106       $paramod\KoggeStoneAdder\WIDTH=s32'00000000000000000000000000000100
       26  181.424       $paramod\KoggeStoneAdder\WIDTH=s32'00000000000000000000000000000110
        4   25.024       vedic_2_x_2
        2   15.014         ha

        +----------Count including submodules.
        |        +-Area including submodules.
        |        | 
     3508        - wires
     7666        - wire bits
     1462        - public wires
     5620        - public wire bits
     1098        - ports
     3267        - port bits
        -        - memories
        -        - memory bits
        -        - processes
     3165 2.06E+04 cells
        5   37.536   sky130_fd_sc_hd__a211oi_1
        4   40.038   sky130_fd_sc_hd__a21bo_1
        4   30.029   sky130_fd_sc_hd__a21o_1
       76  380.365   sky130_fd_sc_hd__a21oi_1
        1    8.758   sky130_fd_sc_hd__a221oi_1
        1    8.758   sky130_fd_sc_hd__a22o_1
        3   22.522   sky130_fd_sc_hd__a22oi_1
       15  150.144   sky130_fd_sc_hd__a311o_1
       15  131.376   sky130_fd_sc_hd__a311oi_1
       72  450.432   sky130_fd_sc_hd__a31oi_1
        1    8.758   sky130_fd_sc_hd__a41oi_1
      481 3.01E+03   sky130_fd_sc_hd__and2_0
       40   250.24   sky130_fd_sc_hd__and3_1
       18   67.565   sky130_fd_sc_hd__clkinv_1
      319  1.2E+03   sky130_fd_sc_hd__conb_1
      102  638.112   sky130_fd_sc_hd__lpflow_inputiso1p_1
        1    6.256   sky130_fd_sc_hd__lpflow_isobufsrc_1
      200  2001.92   sky130_fd_sc_hd__maj3_1
      395 1.48E+03   sky130_fd_sc_hd__nand2_1
       68  425.408   sky130_fd_sc_hd__nand2b_1
        2    10.01   sky130_fd_sc_hd__nand3_1
      196  735.706   sky130_fd_sc_hd__nor2_1
       34  212.704   sky130_fd_sc_hd__nor2b_1
        5   25.024   sky130_fd_sc_hd__nor3_1
        2   12.512   sky130_fd_sc_hd__nor4_1
        2   20.019   sky130_fd_sc_hd__nor4bb_1
        5   50.048   sky130_fd_sc_hd__o211a_1
       11   82.579   sky130_fd_sc_hd__o211ai_1
        3   22.522   sky130_fd_sc_hd__o21a_1
      101  505.485   sky130_fd_sc_hd__o21ai_0
        2   15.014   sky130_fd_sc_hd__o21bai_1
        8   90.086   sky130_fd_sc_hd__o221a_1
       44   385.37   sky130_fd_sc_hd__o221ai_1
        2   17.517   sky130_fd_sc_hd__o22a_1
        5    31.28   sky130_fd_sc_hd__o22ai_1
        2   20.019   sky130_fd_sc_hd__o311a_1
       17  148.893   sky130_fd_sc_hd__o311ai_0
        2   17.517   sky130_fd_sc_hd__o31a_1
        8   60.058   sky130_fd_sc_hd__o31ai_1
        3   26.275   sky130_fd_sc_hd__o41ai_1
        1    6.256   sky130_fd_sc_hd__or3_1
        4   30.029   sky130_fd_sc_hd__or4_1
      640 5.61E+03   sky130_fd_sc_hd__xnor2_1
      245 2.15E+03   sky130_fd_sc_hd__xor2_1
        3    2E+04 submodules
        1 1.17E+03   KSA32
        1  280.269   inv32bits
        1 1.85E+04   vedic16x16

   Chip area for top module '\vedic1': 20623.529600
     of which used for sequential elements: 0.000000 (0.00%)

