
Magic 8.3 revision 552 - Compiled on Friday 19 September 2025 09:27:01 PM IST.
Starting magic under Tcl interpreter
Using the terminal as the console.
Using NULL graphics device.
Input style sky130(): scaleFactor=2, multiplier=2
The following types are not handled by extraction and will be treated as non-electrical types:
    ubm 
Processing system .magicrc file
Using technology "sky130A", version 1.0.544-0-g4e7a1f4
Reading LEF data from file /home/arumukamganesmoorthe/tools/open_pdks/sky130/sky130A/libs.ref/sky130_fd_sc_hd/techlef/sky130_fd_sc_hd__nom.tlef.
This action cannot be undone.
LEF read, Line 82 (Message): Unknown keyword "ANTENNAMODEL" in LEF file; ignoring.
LEF read, Line 83 (Message): Unknown keyword "ANTENNADIFFSIDEAREARATIO" in LEF file; ignoring.
LEF read, Line 116 (Message): Unknown keyword "MINENCLOSEDAREA" in LEF file; ignoring.
LEF read, Line 118 (Message): Unknown keyword "ANTENNAMODEL" in LEF file; ignoring.
LEF read, Line 119 (Message): Unknown keyword "ANTENNADIFFSIDEAREARATIO" in LEF file; ignoring.
LEF read, Line 125 (Message): Unknown keyword "MAXIMUMDENSITY" in LEF file; ignoring.
LEF read, Line 126 (Message): Unknown keyword "DENSITYCHECKWINDOW" in LEF file; ignoring.
LEF read, Line 127 (Message): Unknown keyword "DENSITYCHECKSTEP" in LEF file; ignoring.
LEF read, Line 160 (Message): Unknown keyword "MINENCLOSEDAREA" in LEF file; ignoring.
LEF read, Line 168 (Message): Unknown keyword "ANTENNAMODEL" in LEF file; ignoring.
LEF read, Line 169 (Message): Unknown keyword "ANTENNADIFFSIDEAREARATIO" in LEF file; ignoring.
LEF read, Line 171 (Message): Unknown keyword "MAXIMUMDENSITY" in LEF file; ignoring.
LEF read, Line 172 (Message): Unknown keyword "DENSITYCHECKWINDOW" in LEF file; ignoring.
LEF read, Line 173 (Message): Unknown keyword "DENSITYCHECKSTEP" in LEF file; ignoring.
LEF read, Line 210 (Message): Unknown keyword "ANTENNAMODEL" in LEF file; ignoring.
LEF read, Line 211 (Message): Unknown keyword "ANTENNADIFFSIDEAREARATIO" in LEF file; ignoring.
LEF read, Line 213 (Message): Unknown keyword "MAXIMUMDENSITY" in LEF file; ignoring.
LEF read, Line 214 (Message): Unknown keyword "DENSITYCHECKWINDOW" in LEF file; ignoring.
LEF read, Line 215 (Message): Unknown keyword "DENSITYCHECKSTEP" in LEF file; ignoring.
LEF read, Line 252 (Message): Unknown keyword "ANTENNAMODEL" in LEF file; ignoring.
LEF read, Line 253 (Message): Unknown keyword "ANTENNADIFFSIDEAREARATIO" in LEF file; ignoring.
LEF read, Line 255 (Message): Unknown keyword "MAXIMUMDENSITY" in LEF file; ignoring.
LEF read, Line 256 (Message): Unknown keyword "DENSITYCHECKWINDOW" in LEF file; ignoring.
LEF read, Line 257 (Message): Unknown keyword "DENSITYCHECKSTEP" in LEF file; ignoring.
LEF read, Line 294 (Message): Unknown keyword "ANTENNAMODEL" in LEF file; ignoring.
LEF read, Line 295 (Message): Unknown keyword "ANTENNADIFFSIDEAREARATIO" in LEF file; ignoring.
LEF read: Processed 801 lines.
Reading LEF data from file /home/arumukamganesmoorthe/tools/open_pdks/sky130/sky130A/libs.ref/sky130_fd_sc_hd/lef/sky130_fd_sc_hd.lef.
This action cannot be undone.
LEF read: Processed 56536 lines.
Reading DEF data from file /home/arumukamganesmoorthe/ME/digital_design/eight_bit_CLA/layout/eight_bit_CLA_routed.def.
This action cannot be undone.
  Processed 3 vias total.
DEF read, Line 1789 (Warning): Character in instance name converted to underscore.
DEF read, Line 1789 (Warning): Character in instance name converted to underscore.
DEF read, Line 1790 (Warning): Character in instance name converted to underscore.
DEF read, Line 1790 (Warning): Character in instance name converted to underscore.
DEF read, Line 1791 (Warning): Character in instance name converted to underscore.
DEF read, Line 1791 (Warning): Character in instance name converted to underscore.
DEF read, Line 1792 (Warning): Character in instance name converted to underscore.
DEF read, Line 1792 (Warning): Character in instance name converted to underscore.
DEF read, Line 1793 (Warning): Character in instance name converted to underscore.
DEF read, Line 1793 (Warning): Character in instance name converted to underscore.
DEF read, Line 1794 (Warning): Character in instance name converted to underscore.
DEF read, Line 1794 (Warning): Character in instance name converted to underscore.
DEF read, Line 1795 (Warning): Character in instance name converted to underscore.
DEF read, Line 1795 (Warning): Character in instance name converted to underscore.
DEF read, Line 1796 (Warning): Character in instance name converted to underscore.
DEF read, Line 1796 (Warning): Character in instance name converted to underscore.
DEF read, Line 1797 (Warning): Character in instance name converted to underscore.
DEF read, Line 1797 (Warning): Character in instance name converted to underscore.
DEF read, Line 1798 (Warning): Character in instance name converted to underscore.
DEF read, Line 1798 (Warning): Character in instance name converted to underscore.
DEF read, Line 1799 (Warning): Character in instance name converted to underscore.
DEF read, Line 1799 (Warning): Character in instance name converted to underscore.
DEF read, Line 1800 (Warning): Character in instance name converted to underscore.
DEF read, Line 1800 (Warning): Character in instance name converted to underscore.
DEF read, Line 1801 (Warning): Character in instance name converted to underscore.
DEF read, Line 1801 (Warning): Character in instance name converted to underscore.
DEF read, Line 1802 (Warning): Character in instance name converted to underscore.
DEF read, Line 1802 (Warning): Character in instance name converted to underscore.
DEF read, Line 1803 (Warning): Character in instance name converted to underscore.
DEF read, Line 1803 (Warning): Character in instance name converted to underscore.
DEF read, Line 1804 (Warning): Character in instance name converted to underscore.
DEF read, Line 1804 (Warning): Character in instance name converted to underscore.
DEF read, Line 1805 (Warning): Character in instance name converted to underscore.
DEF read, Line 1805 (Warning): Character in instance name converted to underscore.
DEF read, Line 1806 (Warning): Character in instance name converted to underscore.
DEF read, Line 1806 (Warning): Character in instance name converted to underscore.
DEF read, Line 1807 (Warning): Character in instance name converted to underscore.
DEF read, Line 1807 (Warning): Character in instance name converted to underscore.
DEF read, Line 1808 (Warning): Character in instance name converted to underscore.
DEF read, Line 1808 (Warning): Character in instance name converted to underscore.
DEF read, Line 1809 (Warning): Character in instance name converted to underscore.
DEF read, Line 1809 (Warning): Character in instance name converted to underscore.
DEF read, Line 1810 (Warning): Character in instance name converted to underscore.
DEF read, Line 1810 (Warning): Character in instance name converted to underscore.
DEF read, Line 1811 (Warning): Character in instance name converted to underscore.
DEF read, Line 1811 (Warning): Character in instance name converted to underscore.
DEF read, Line 1812 (Warning): Character in instance name converted to underscore.
DEF read, Line 1812 (Warning): Character in instance name converted to underscore.
  Processed 1684 subcell instances total.
  Processed 28 pins total.
  Processed 2 special nets total.
  Processed 41 nets total.
DEF read: Processed 3224 lines.
DEF Read: encountered 48 warnings total.
Cell eight_bit_CLA couldn't be read
No such file or directory
Creating new cell
Total DRC violations: 0
No DRC violations found!
