OpenROAD v2.0-24548-g4fa65c3a24 
Features included (+) or not (-): +GPU +GUI +Python
This program is licensed under the BSD-3 license. See the LICENSE file for details.
Components of this program may be licensed under more restrictive licenses which must be honored.
[INFO ODB-0227] LEF file: /home/arumukamganesmoorthe/tools/open_pdks/sky130/sky130A/libs.ref/sky130_fd_sc_hd/techlef/sky130_fd_sc_hd__nom.tlef, created 14 layers, 25 vias
[WARNING ODB-0220] WARNING (LEFPARS-2008): NOWIREEXTENSIONATPIN statement is obsolete in version 5.6 or later.
The NOWIREEXTENSIONATPIN statement will be ignored. See file /home/arumukamganesmoorthe/tools/open_pdks/sky130/sky130A/libs.ref/sky130_fd_sc_hd/lef/sky130_fd_sc_hd.lef at line 2.

[INFO ODB-0227] LEF file: /home/arumukamganesmoorthe/tools/open_pdks/sky130/sky130A/libs.ref/sky130_fd_sc_hd/lef/sky130_fd_sc_hd.lef, created 437 library cells
[INFO ODB-0127] Reading DEF file: /home/arumukamganesmoorthe/ME/digital_design/eight_bit_CLA/layout/eight_bit_CLA_routed.def
[INFO ODB-0128] Design: eb_adder_top
[INFO ODB-0130]     Created 28 pins.
[INFO ODB-0131]     Created 1684 components and 3904 component-terminals.
[INFO ODB-0132]     Created 2 special nets and 3824 connections.
[INFO ODB-0133]     Created 41 nets and 80 connections.
[INFO ODB-0134] Finished DEF file: /home/arumukamganesmoorthe/ME/digital_design/eight_bit_CLA/layout/eight_bit_CLA_routed.def
[INFO RCX-0431] Defined process_corner X with ext_model_index 0
[INFO RCX-0029] Defined extraction corner X
[INFO RCX-0435] Reading extraction model file /home/arumukamganesmoorthe/tools/open_pdks/sky130/sky130A/libs.tech/openlane/rules.openrcx.sky130A.nom.calibre ...
[INFO RCX-0436] RC segment generation eb_adder_top (max_merge_res 50.0) ...
[INFO RCX-0040] Final 90 rc segments
[INFO RCX-0439] Coupling Cap extraction eb_adder_top ...
[INFO RCX-0440] Coupling threshhold is 0.1000 fF, coupling capacitance less than 0.1000 fF will be grounded.
[INFO RCX-0442] 83% of 586 wires extracted
[INFO RCX-0442] 100% of 586 wires extracted
[INFO RCX-0045] Extract 41 nets, 131 rsegs, 131 caps, 190 ccs
[INFO RCX-0443] 41 nets finished
