OpenROAD v2.0-24548-g4fa65c3a24 
Features included (+) or not (-): +GPU +GUI +Python
This program is licensed under the BSD-3 license. See the LICENSE file for details.
Components of this program may be licensed under more restrictive licenses which must be honored.
[INFO ODB-0227] LEF file: /home/arumukamganesmoorthe/tools/open_pdks/sky130/sky130A/libs.ref/sky130_fd_sc_hd/techlef/sky130_fd_sc_hd__nom.tlef, created 14 layers, 25 vias
[WARNING ODB-0220] WARNING (LEFPARS-2008): NOWIREEXTENSIONATPIN statement is obsolete in version 5.6 or later.
The NOWIREEXTENSIONATPIN statement will be ignored. See file /home/arumukamganesmoorthe/tools/open_pdks/sky130/sky130A/libs.ref/sky130_fd_sc_hd/lef/sky130_fd_sc_hd.lef at line 2.

[INFO ODB-0227] LEF file: /home/arumukamganesmoorthe/tools/open_pdks/sky130/sky130A/libs.ref/sky130_fd_sc_hd/lef/sky130_fd_sc_hd.lef, created 437 library cells
[INFO ODB-0127] Reading DEF file: /home/arumukamganesmoorthe/ME/digital_design/wallace_mul/layout/wallace_floorplan.def
[INFO ODB-0128] Design: wallace1
[INFO ODB-0130]     Created 64 pins.
[INFO ODB-0131]     Created 1965 components and 10931 component-terminals.
[INFO ODB-0132]     Created 2 special nets and 6654 connections.
[INFO ODB-0133]     Created 1264 nets and 4243 connections.
[INFO ODB-0134] Finished DEF file: /home/arumukamganesmoorthe/ME/digital_design/wallace_mul/layout/wallace_floorplan.def
[WARNING STA-0366] port 'clk' not found.
[INFO GPL-0005] Execute conjugate gradient initial placement.
[INFO GPL-0002] DBU: 1000
[INFO GPL-0003] SiteSize: (  0.460  2.720 ) um
[INFO GPL-0004] CoreBBox: ( 10.120 10.880 ) ( 189.980 187.680 ) um
[INFO GPL-0006] Number of instances:              1965
[INFO GPL-0007] Movable instances:                1232
[INFO GPL-0008] Fixed instances:                   733
[INFO GPL-0009] Dummy instances:                     0
[INFO GPL-0010] Number of nets:                   1264
[INFO GPL-0011] Number of pins:                   4307
[INFO GPL-0012] Die BBox:  (  0.000  0.000 ) ( 200.000 200.000 ) um
[INFO GPL-0013] Core BBox: ( 10.120 10.880 ) ( 189.980 187.680 ) um
[INFO GPL-0016] Core area:                   31799.248 um^2
[INFO GPL-0017] Fixed instances area:         1242.442 um^2
[INFO GPL-0018] Movable instances area:      11519.798 um^2
[INFO GPL-0019] Utilization:                    37.700 %
[INFO GPL-0020] Standard cells area:         11519.798 um^2
[INFO GPL-0021] Large instances area:            0.000 um^2
[InitialPlace]  Iter: 1 conjugate gradient residual: 0.00000011 HPWL: 17217320
[InitialPlace]  Iter: 2 conjugate gradient residual: 0.00000008 HPWL: 13360221
[InitialPlace]  Iter: 3 conjugate gradient residual: 0.00000010 HPWL: 13406166
[InitialPlace]  Iter: 4 conjugate gradient residual: 0.00000010 HPWL: 13444231
[InitialPlace]  Iter: 5 conjugate gradient residual: 0.00000011 HPWL: 13458864
[INFO GPL-0023] Placement target density:       0.7000
[INFO GPL-0024] Movable insts average area:      9.350 um^2
[INFO GPL-0025] Ideal bin area:                 13.358 um^2
[INFO GPL-0026] Ideal bin count:                  2380
[INFO GPL-0027] Total bin area:              31799.248 um^2
[INFO GPL-0028] Bin count (X, Y):          32 ,     32
[INFO GPL-0029] Bin size (W * H):       5.621 *  5.525 um
[INFO GPL-0030] Number of bins:                   1024
[INFO GPL-0007] Execute nesterov global placement.
[INFO GPL-0031] HPWL: Half-Perimeter Wirelength
Iteration | Overflow |     HPWL (um) |  HPWL(%) |   Penalty | Group
---------------------------------------------------------------
        0 |   0.9772 |  6.554346e+03 |   +0.00% |  1.70e-15 |      
       10 |   0.9620 |  7.299679e+03 |  +11.37% |  2.78e-15 |      
       20 |   0.9608 |  7.314968e+03 |   +0.21% |  4.52e-15 |      
       30 |   0.9610 |  7.304333e+03 |   -0.15% |  7.36e-15 |      
       40 |   0.9610 |  7.302544e+03 |   -0.02% |  1.20e-14 |      
       50 |   0.9610 |  7.300933e+03 |   -0.02% |  1.95e-14 |      
       60 |   0.9610 |  7.300018e+03 |   -0.01% |  3.18e-14 |      
       70 |   0.9610 |  7.301810e+03 |   +0.02% |  5.18e-14 |      
       80 |   0.9610 |  7.304784e+03 |   +0.04% |  8.44e-14 |      
       90 |   0.9610 |  7.308564e+03 |   +0.05% |  1.38e-13 |      
      100 |   0.9609 |  7.317084e+03 |   +0.12% |  2.24e-13 |      
      110 |   0.9609 |  7.339969e+03 |   +0.31% |  3.65e-13 |      
      120 |   0.9608 |  7.391202e+03 |   +0.70% |  5.94e-13 |      
      130 |   0.9607 |  7.483162e+03 |   +1.24% |  9.68e-13 |      
      140 |   0.9533 |  7.632682e+03 |   +2.00% |  1.58e-12 |      
      150 |   0.9530 |  7.851709e+03 |   +2.87% |  2.57e-12 |      
      160 |   0.9458 |  8.163728e+03 |   +3.97% |  4.18e-12 |      
      170 |   0.9432 |  8.586460e+03 |   +5.18% |  6.82e-12 |      
      180 |   0.9292 |  9.154910e+03 |   +6.62% |  1.11e-11 |      
      190 |   0.9117 |  9.837353e+03 |   +7.45% |  1.81e-11 |      
      200 |   0.8866 |  1.065205e+04 |   +8.28% |  2.94e-11 |      
      210 |   0.8665 |  1.137552e+04 |   +6.79% |  4.80e-11 |      
      220 |   0.8368 |  1.215408e+04 |   +6.84% |  7.81e-11 |      
      230 |   0.8055 |  1.302947e+04 |   +7.20% |  1.27e-10 |      
      240 |   0.7728 |  1.378076e+04 |   +5.77% |  2.07e-10 |      
      250 |   0.7350 |  1.477376e+04 |   +7.21% |  3.38e-10 |      
      260 |   0.6952 |  1.568092e+04 |   +6.14% |  5.50e-10 |      
      270 |   0.6516 |  1.663986e+04 |   +6.12% |  8.95e-10 |      
      280 |   0.6053 |  1.745531e+04 |   +4.90% |  1.46e-09 |      
      290 |   0.5603 |  1.818701e+04 |   +4.19% |  2.38e-09 |      
      300 |   0.5068 |  1.858347e+04 |   +2.18% |  3.87e-09 |      
      310 |   0.4520 |  1.849608e+04 |   -0.47% |  6.30e-09 |      
      320 |   0.3824 |  1.826419e+04 |   -1.25% |  1.03e-08 |      
      330 |   0.3417 |  1.840186e+04 |   +0.75% |  1.67e-08 |      
      340 |   0.2976 |  1.855933e+04 |   +0.86% |  2.46e-08 |      
      350 |   0.2616 |  1.861953e+04 |   +0.32% |  3.63e-08 |      
      360 |   0.2297 |  1.880641e+04 |   +1.00% |  5.35e-08 |      
      370 |   0.2100 |  1.892312e+04 |   +0.62% |  7.88e-08 |      
      380 |   0.1814 |  1.900462e+04 |   +0.43% |  1.16e-07 |      
      390 |   0.1611 |  1.901581e+04 |   +0.06% |  1.71e-07 |      
      400 |   0.1419 |  1.907715e+04 |   +0.32% |  2.52e-07 |      
      410 |   0.1207 |  1.912941e+04 |   +0.27% |  3.71e-07 |      
      420 |   0.1096 |  1.917195e+04 |   +0.22% |  5.46e-07 |      
      426 |   0.0991 |  1.921117e+04 |          |  7.17e-07 |      
---------------------------------------------------------------
[INFO GPL-1001] Global placement finished at iteration 426
[INFO GPL-1002] Placed Cell Area            11519.7984
[INFO GPL-1003] Available Free Area         30556.8064
[INFO GPL-1004] Minimum Feasible Density        0.3800 (cell_area / free_area)
[INFO GPL-1006]   Suggested Target Densities:
[INFO GPL-1007]     - For 90% usage of free space: 0.4189
[INFO GPL-1008]     - For 80% usage of free space: 0.4712
[INFO GPL-1009]     - For 50% usage of free space: 0.7540
[INFO GPL-1014] Final placement area: 11519.80 (+0.00%)
[WARNING DPL-0037] Use remove_fillers before detailed placement.
Placement Analysis
---------------------------------
total displacement       3286.5 u
average displacement        1.7 u
max displacement            8.0 u
original HPWL           19211.8 u
legalized HPWL          22749.0 u
delta HPWL                   18 %

[INFO DPL-0020] Mirrored 543 instances
[INFO DPL-0021] HPWL before           22749.0 u
[INFO DPL-0022] HPWL after            21820.8 u
[INFO DPL-0023] HPWL delta               -4.1 %
Design area 11520 u^2 36% utilization.
