Netgen 1.5.300 compiled on Friday 19 September 2025 09:59:35 PM IST
Warning: netgen command 'format' use fully-qualified name '::netgen::format'
Warning: netgen command 'global' use fully-qualified name '::netgen::global'
Reading netlist file /home/arumukamganesmoorthe/ME/digital_design/vedic_mul/layout/vedic_routed_clean.v
Creating placeholder cell definition for module sky130_fd_sc_hd__clkinv_1.
Creating placeholder cell definition for module sky130_fd_sc_hd__o21ai_0.
Creating placeholder cell definition for module sky130_fd_sc_hd__a21o_1.
Creating placeholder cell definition for module sky130_fd_sc_hd__xnor2_1.
Creating placeholder cell definition for module sky130_fd_sc_hd__o31ai_1.
Creating placeholder cell definition for module sky130_fd_sc_hd__or4_1.
Creating placeholder cell definition for module sky130_fd_sc_hd__nand2_1.
Creating placeholder cell definition for module sky130_fd_sc_hd__nor4_1.
Creating placeholder cell definition for module sky130_fd_sc_hd__nand2b_1.
Creating placeholder cell definition for module sky130_fd_sc_hd__nor3_1.
Creating placeholder cell definition for module sky130_fd_sc_hd__o41ai_1.
Creating placeholder cell definition for module sky130_fd_sc_hd__nor4bb_1.
Creating placeholder cell definition for module sky130_fd_sc_hd__xor2_1.
Creating placeholder cell definition for module sky130_fd_sc_hd__conb_1.
Creating placeholder cell definition for module sky130_fd_sc_hd__maj3_1.
Creating placeholder cell definition for module sky130_fd_sc_hd__lpflow_inputiso1p_1.
Creating placeholder cell definition for module sky130_fd_sc_hd__and2_0.
Creating placeholder cell definition for module sky130_fd_sc_hd__nor2_1.
Creating placeholder cell definition for module sky130_fd_sc_hd__a21oi_1.
Creating placeholder cell definition for module sky130_fd_sc_hd__a221oi_1.
Creating placeholder cell definition for module sky130_fd_sc_hd__o21a_1.
Creating placeholder cell definition for module sky130_fd_sc_hd__o311ai_0.
Creating placeholder cell definition for module sky130_fd_sc_hd__a311oi_1.
Creating placeholder cell definition for module sky130_fd_sc_hd__o31a_1.
Creating placeholder cell definition for module sky130_fd_sc_hd__or3_1.
Creating placeholder cell definition for module sky130_fd_sc_hd__nor2b_1.
Creating placeholder cell definition for module sky130_fd_sc_hd__o311a_1.
Creating placeholder cell definition for module sky130_fd_sc_hd__a31oi_1.
Creating placeholder cell definition for module sky130_fd_sc_hd__o211ai_1.
Creating placeholder cell definition for module sky130_fd_sc_hd__o211a_1.
Creating placeholder cell definition for module sky130_fd_sc_hd__o221ai_1.
Creating placeholder cell definition for module sky130_fd_sc_hd__a22oi_1.
Creating placeholder cell definition for module sky130_fd_sc_hd__a211oi_1.
Creating placeholder cell definition for module sky130_fd_sc_hd__a22o_1.
Creating placeholder cell definition for module sky130_fd_sc_hd__o22ai_1.
Creating placeholder cell definition for module sky130_fd_sc_hd__a41oi_1.
Creating placeholder cell definition for module sky130_fd_sc_hd__and3_1.
Creating placeholder cell definition for module sky130_fd_sc_hd__a311o_1.
Creating placeholder cell definition for module sky130_fd_sc_hd__a21bo_1.
Creating placeholder cell definition for module sky130_fd_sc_hd__o221a_1.
Creating placeholder cell definition for module sky130_fd_sc_hd__lpflow_isobufsrc_1.
Creating placeholder cell definition for module sky130_fd_sc_hd__o22a_1.
Creating placeholder cell definition for module sky130_fd_sc_hd__nand3_1.
Creating placeholder cell definition for module sky130_fd_sc_hd__o21bai_1.
Reading netlist file /home/arumukamganesmoorthe/ME/digital_design/vedic_mul/synth/vedic_netlist.v
Creating placeholder cell definition for module sky130_fd_sc_hd__xnor2_1.
Creating placeholder cell definition for module sky130_fd_sc_hd__maj3_1.
Empty assignment for net {
Creating placeholder cell definition for module sky130_fd_sc_hd__lpflow_inputiso1p_1.
Creating placeholder cell definition for module sky130_fd_sc_hd__and2_0.
Creating placeholder cell definition for module sky130_fd_sc_hd__nand2_1.
Creating placeholder cell definition for module sky130_fd_sc_hd__xor2_1.
Creating placeholder cell definition for module sky130_fd_sc_hd__o21ai_0.
Creating placeholder cell definition for module sky130_fd_sc_hd__nor2_1.
Creating placeholder cell definition for module sky130_fd_sc_hd__nand2b_1.
Creating placeholder cell definition for module sky130_fd_sc_hd__o221ai_1.
Creating placeholder cell definition for module sky130_fd_sc_hd__a21oi_1.
Creating placeholder cell definition for module sky130_fd_sc_hd__and3_1.
Creating placeholder cell definition for module sky130_fd_sc_hd__a31oi_1.
Empty assignment for net {
Creating placeholder cell definition for module sky130_fd_sc_hd__nor2b_1.
Creating placeholder cell definition for module sky130_fd_sc_hd__a311o_1.
Creating placeholder cell definition for module sky130_fd_sc_hd__a21bo_1.
Empty assignment for net {
Creating placeholder cell definition for module sky130_fd_sc_hd__clkinv_1.
Creating placeholder cell definition for module sky130_fd_sc_hd__o221a_1.
Creating placeholder cell definition for module sky130_fd_sc_hd__o311ai_0.
Creating placeholder cell definition for module sky130_fd_sc_hd__a311oi_1.
Empty assignment for net {
Creating placeholder cell definition for module sky130_fd_sc_hd__o211ai_1.
Creating placeholder cell definition for module sky130_fd_sc_hd__nor3_1.
Creating placeholder cell definition for module sky130_fd_sc_hd__lpflow_isobufsrc_1.
Creating placeholder cell definition for module sky130_fd_sc_hd__o22ai_1.
Creating placeholder cell definition for module sky130_fd_sc_hd__a21o_1.
Empty assignment for net {
Creating placeholder cell definition for module sky130_fd_sc_hd__o211a_1.
Creating placeholder cell definition for module sky130_fd_sc_hd__o22a_1.
Creating placeholder cell definition for module sky130_fd_sc_hd__a22oi_1.
Creating placeholder cell definition for module sky130_fd_sc_hd__a211oi_1.
Creating placeholder cell definition for module sky130_fd_sc_hd__nand3_1.
Creating placeholder cell definition for module sky130_fd_sc_hd__o21bai_1.
Empty assignment for net {
Creating placeholder cell definition for module sky130_fd_sc_hd__a221oi_1.
Creating placeholder cell definition for module sky130_fd_sc_hd__o21a_1.
Creating placeholder cell definition for module sky130_fd_sc_hd__o31a_1.
Creating placeholder cell definition for module sky130_fd_sc_hd__or3_1.
Creating placeholder cell definition for module sky130_fd_sc_hd__o311a_1.
Creating placeholder cell definition for module sky130_fd_sc_hd__o41ai_1.
Creating placeholder cell definition for module sky130_fd_sc_hd__a22o_1.
Creating placeholder cell definition for module sky130_fd_sc_hd__a41oi_1.
Empty assignment for net {
Creating placeholder cell definition for module sky130_fd_sc_hd__o31ai_1.
Creating placeholder cell definition for module sky130_fd_sc_hd__or4_1.
Creating placeholder cell definition for module sky130_fd_sc_hd__nor4_1.
Creating placeholder cell definition for module sky130_fd_sc_hd__nor4bb_1.
Creating placeholder cell definition for module sky130_fd_sc_hd__conb_1.
Note:  Implicit pin Cout in instance lastadder of KSA32 in cell vedic1
Creating placeholder cell definition for module vedic16x16.
Creating placeholder cell definition for module vedic_8X8.
Note:  Implicit pin Cout in instance z5 of \$paramod\KoggeStoneAdder\WIDTH=s32'00000000000000000000000000010000  in cell _PLACEHOLDER_
Note:  Implicit pin Cout in instance z6 of \$paramod\KoggeStoneAdder\WIDTH=s32'00000000000000000000000000011000  in cell _PLACEHOLDER_
Note:  Implicit pin Cout in instance z7 of \$paramod\KoggeStoneAdder\WIDTH=s32'00000000000000000000000000011000  in cell _PLACEHOLDER_
Verilog placeholder module vedic16x16 replaced by module definition
Placeholder pins of cell vedic16x16 are not compatible and will be left unchanged

Subcircuit pins:
Circuit 1: _PLACEHOLDER_                   |Circuit 2: vedic16x16                      
-------------------------------------------|-------------------------------------------
a[15]                                      |a[15]                                      
a[14]                                      |a[14]                                      
a[13]                                      |a[13]                                      
a[12]                                      |a[12]                                      
a[11]                                      |a[11]                                      
a[10]                                      |a[10]                                      
a[9]                                       |a[9]                                       
a[8]                                       |a[8]                                       
a[7]                                       |a[7]                                       
a[6]                                       |a[6]                                       
a[5]                                       |a[5]                                       
a[4]                                       |a[4]                                       
a[3]                                       |a[3]                                       
a[2]                                       |a[2]                                       
a[1]                                       |a[1]                                       
a[0]                                       |a[0]                                       
b[15]                                      |b[15]                                      
b[14]                                      |b[14]                                      
b[13]                                      |b[13]                                      
b[12]                                      |b[12]                                      
b[11]                                      |b[11]                                      
b[10]                                      |b[10]                                      
b[9]                                       |b[9]                                       
b[8]                                       |b[8]                                       
b[7]                                       |b[7]                                       
b[6]                                       |b[6]                                       
b[5]                                       |b[5]                                       
b[4]                                       |b[4]                                       
b[3]                                       |b[3]                                       
b[2]                                       |b[2]                                       
b[1]                                       |b[1]                                       
b[0]                                       |b[0]                                       
c[31]                                      |c[31]                                      
c[30]                                      |c[30]                                      
c[29]                                      |c[29]                                      
c[28]                                      |c[28]                                      
c[27]                                      |c[27]                                      
c[26]                                      |c[26]                                      
c[25]                                      |c[25]                                      
c[24]                                      |c[24]                                      
c[23]                                      |c[23]                                      
c[22]                                      |c[22]                                      
c[21]                                      |c[21]                                      
c[20]                                      |c[20]                                      
c[19]                                      |c[19]                                      
c[18]                                      |c[18]                                      
c[17]                                      |c[17]                                      
c[16]                                      |c[16]                                      
c[15]                                      |c[15]                                      
c[14]                                      |c[14]                                      
c[13]                                      |c[13]                                      
c[12]                                      |c[12]                                      
c[11]                                      |c[11]                                      
c[10]                                      |c[10]                                      
c[9]                                       |c[9]                                       
c[8]                                       |c[8]                                       
c[7]                                       |c[7]                                       
c[6]                                       |c[6]                                       
c[5]                                       |c[5]                                       
c[4]                                       |c[4]                                       
c[3]                                       |c[3]                                       
c[2]                                       |c[2]                                       
c[1]                                       |c[1]                                       
c[0]                                       |c[0]                                       
---------------------------------------------------------------------------------------
Note:  Implicit pin Cout in instance z5 of \$paramod\KoggeStoneAdder\WIDTH=s32'00000000000000000000000000000100  in cell vedic_4_x_4
Note:  Implicit pin Cout in instance z6 of \$paramod\KoggeStoneAdder\WIDTH=s32'00000000000000000000000000000110  in cell vedic_4_x_4
Note:  Implicit pin Cout in instance z7 of \$paramod\KoggeStoneAdder\WIDTH=s32'00000000000000000000000000000110  in cell vedic_4_x_4
Note:  Implicit pin Cout in instance z5 of \$paramod\KoggeStoneAdder\WIDTH=s32'00000000000000000000000000001000  in cell _PLACEHOLDER_
Note:  Implicit pin Cout in instance z6 of \$paramod\KoggeStoneAdder\WIDTH=s32'00000000000000000000000000001100  in cell _PLACEHOLDER_
Note:  Implicit pin Cout in instance z7 of \$paramod\KoggeStoneAdder\WIDTH=s32'00000000000000000000000000001100  in cell _PLACEHOLDER_
Verilog placeholder module vedic_8X8 replaced by module definition
Placeholder pins of cell vedic_8X8 are not compatible and will be left unchanged

Subcircuit pins:
Circuit 1: _PLACEHOLDER_                   |Circuit 2: vedic_8X8                       
-------------------------------------------|-------------------------------------------
a[7]                                       |a[7]                                       
a[6]                                       |a[6]                                       
a[5]                                       |a[5]                                       
a[4]                                       |a[4]                                       
a[3]                                       |a[3]                                       
a[2]                                       |a[2]                                       
a[1]                                       |a[1]                                       
a[0]                                       |a[0]                                       
b[7]                                       |b[7]                                       
b[6]                                       |b[6]                                       
b[5]                                       |b[5]                                       
b[4]                                       |b[4]                                       
b[3]                                       |b[3]                                       
b[2]                                       |b[2]                                       
b[1]                                       |b[1]                                       
b[0]                                       |b[0]                                       
c[15]                                      |c[15]                                      
c[14]                                      |c[14]                                      
c[13]                                      |c[13]                                      
c[12]                                      |c[12]                                      
c[11]                                      |c[11]                                      
c[10]                                      |c[10]                                      
c[9]                                       |c[9]                                       
c[8]                                       |c[8]                                       
c[7]                                       |c[7]                                       
c[6]                                       |c[6]                                       
c[5]                                       |c[5]                                       
c[4]                                       |c[4]                                       
c[3]                                       |c[3]                                       
c[2]                                       |c[2]                                       
c[1]                                       |c[1]                                       
c[0]                                       |c[0]                                       
---------------------------------------------------------------------------------------

Reading setup file /home/arumukamganesmoorthe/tools/open_pdks/sky130/sky130A/libs.tech/netgen/sky130A_setup.tcl

Comparison output logged to file /home/arumukamganesmoorthe/ME/digital_design/vedic_mul/reports/lvs_gate_level.txt
Logging to file "/home/arumukamganesmoorthe/ME/digital_design/vedic_mul/reports/lvs_gate_level.txt" enabled
Circuit sky130_fd_sc_hd__and2_0 contains no devices.
Circuit sky130_fd_sc_hd__xor2_1 contains no devices.
Circuit sky130_fd_sc_hd__xnor2_1 contains no devices.
Circuit sky130_fd_sc_hd__maj3_1 contains no devices.
Circuit sky130_fd_sc_hd__lpflow_inputiso1p_1 contains no devices.
Circuit sky130_fd_sc_hd__nand2_1 contains no devices.
Circuit sky130_fd_sc_hd__o21ai_0 contains no devices.
Circuit sky130_fd_sc_hd__nor2_1 contains no devices.
Circuit sky130_fd_sc_hd__nand2b_1 contains no devices.
Circuit sky130_fd_sc_hd__o221ai_1 contains no devices.
Circuit sky130_fd_sc_hd__a21oi_1 contains no devices.
Circuit sky130_fd_sc_hd__and3_1 contains no devices.
Circuit sky130_fd_sc_hd__a31oi_1 contains no devices.
Circuit sky130_fd_sc_hd__conb_1 contains no devices.
Circuit sky130_fd_sc_hd__nor2b_1 contains no devices.
Circuit sky130_fd_sc_hd__a311o_1 contains no devices.
Circuit sky130_fd_sc_hd__a21bo_1 contains no devices.
Circuit sky130_fd_sc_hd__clkinv_1 contains no devices.
Circuit sky130_fd_sc_hd__o221a_1 contains no devices.
Circuit sky130_fd_sc_hd__o311ai_0 contains no devices.
Circuit sky130_fd_sc_hd__a311oi_1 contains no devices.
Circuit sky130_fd_sc_hd__a221oi_1 contains no devices.
Circuit sky130_fd_sc_hd__o21a_1 contains no devices.
Circuit sky130_fd_sc_hd__nor3_1 contains no devices.
Circuit sky130_fd_sc_hd__o31a_1 contains no devices.
Circuit sky130_fd_sc_hd__or3_1 contains no devices.
Circuit sky130_fd_sc_hd__o311a_1 contains no devices.
Circuit sky130_fd_sc_hd__a21o_1 contains no devices.
Circuit sky130_fd_sc_hd__o41ai_1 contains no devices.
Circuit sky130_fd_sc_hd__o211ai_1 contains no devices.
Circuit sky130_fd_sc_hd__o211a_1 contains no devices.
Circuit sky130_fd_sc_hd__a22oi_1 contains no devices.
Circuit sky130_fd_sc_hd__a211oi_1 contains no devices.
Circuit sky130_fd_sc_hd__a22o_1 contains no devices.
Circuit sky130_fd_sc_hd__o22ai_1 contains no devices.
Circuit sky130_fd_sc_hd__a41oi_1 contains no devices.
Circuit sky130_fd_sc_hd__lpflow_isobufsrc_1 contains no devices.
Circuit sky130_fd_sc_hd__o22a_1 contains no devices.
Circuit sky130_fd_sc_hd__nand3_1 contains no devices.
Circuit sky130_fd_sc_hd__o21bai_1 contains no devices.
Circuit sky130_fd_sc_hd__o31ai_1 contains no devices.
Circuit sky130_fd_sc_hd__or4_1 contains no devices.
Circuit sky130_fd_sc_hd__nor4_1 contains no devices.
Circuit sky130_fd_sc_hd__nor4bb_1 contains no devices.

Contents of circuit 1:  Circuit: 'vedic1'
Circuit vedic1 contains 3165 device instances.
  Class: sky130_fd_sc_hd__a21bo_1 instances:   4
  Class: sky130_fd_sc_hd__a311o_1 instances:  15
  Class: sky130_fd_sc_hd__a21o_1 instances:   4
  Class: sky130_fd_sc_hd__o22a_1 instances:   2
  Class: sky130_fd_sc_hd__nor4_1 instances:   2
  Class: sky130_fd_sc_hd__nor4bb_1 instances:   2
  Class: sky130_fd_sc_hd__clkinv_1 instances:  18
  Class: sky130_fd_sc_hd__or4_1 instances:   4
  Class: sky130_fd_sc_hd__nor2b_1 instances:  34
  Class: sky130_fd_sc_hd__and3_1 instances:  40
  Class: sky130_fd_sc_hd__o31a_1 instances:   2
  Class: sky130_fd_sc_hd__lpflow_isobufsrc_1 instances:   1
  Class: sky130_fd_sc_hd__o21a_1 instances:   3
  Class: sky130_fd_sc_hd__nor3_1 instances:   5
  Class: sky130_fd_sc_hd__o221ai_1 instances:  44
  Class: sky130_fd_sc_hd__maj3_1 instances: 200
  Class: sky130_fd_sc_hd__or3_1 instances:   1
  Class: sky130_fd_sc_hd__and2_0 instances: 481
  Class: sky130_fd_sc_hd__nor2_1 instances: 196
  Class: sky130_fd_sc_hd__a41oi_1 instances:   1
  Class: sky130_fd_sc_hd__o211ai_1 instances:  11
  Class: sky130_fd_sc_hd__a221oi_1 instances:   1
  Class: sky130_fd_sc_hd__o22ai_1 instances:   5
  Class: sky130_fd_sc_hd__a22oi_1 instances:   3
  Class: sky130_fd_sc_hd__o21ai_0 instances: 101
  Class: sky130_fd_sc_hd__nand3_1 instances:   2
  Class: sky130_fd_sc_hd__a21oi_1 instances:  76
  Class: sky130_fd_sc_hd__xor2_1 instances: 245
  Class: sky130_fd_sc_hd__o311ai_0 instances:  17
  Class: sky130_fd_sc_hd__o31ai_1 instances:   8
  Class: sky130_fd_sc_hd__a31oi_1 instances:  72
  Class: sky130_fd_sc_hd__a211oi_1 instances:   5
  Class: sky130_fd_sc_hd__nand2_1 instances: 395
  Class: sky130_fd_sc_hd__lpflow_inputiso1p_1 instances: 102
  Class: sky130_fd_sc_hd__o221a_1 instances:   8
  Class: sky130_fd_sc_hd__o21bai_1 instances:   2
  Class: sky130_fd_sc_hd__o211a_1 instances:   5
  Class: sky130_fd_sc_hd__conb_1 instances: 319
  Class: sky130_fd_sc_hd__a22o_1 instances:   1
  Class: sky130_fd_sc_hd__o41ai_1 instances:   3
  Class: sky130_fd_sc_hd__a311oi_1 instances:  15
  Class: sky130_fd_sc_hd__xnor2_1 instances: 640
  Class: sky130_fd_sc_hd__o311a_1 instances:   2
  Class: sky130_fd_sc_hd__nand2b_1 instances:  68
Circuit contains 3197 nets.
Contents of circuit 2:  Circuit: 'vedic1'
Circuit vedic1 contains 3165 device instances.
  Class: sky130_fd_sc_hd__a21bo_1 instances:   4
  Class: sky130_fd_sc_hd__a311o_1 instances:  15
  Class: sky130_fd_sc_hd__a21o_1 instances:   4
  Class: sky130_fd_sc_hd__o22a_1 instances:   2
  Class: sky130_fd_sc_hd__nor4_1 instances:   2
  Class: sky130_fd_sc_hd__nor4bb_1 instances:   2
  Class: sky130_fd_sc_hd__clkinv_1 instances:  18
  Class: sky130_fd_sc_hd__or4_1 instances:   4
  Class: sky130_fd_sc_hd__nor2b_1 instances:  34
  Class: sky130_fd_sc_hd__and3_1 instances:  40
  Class: sky130_fd_sc_hd__o31a_1 instances:   2
  Class: sky130_fd_sc_hd__lpflow_isobufsrc_1 instances:   1
  Class: sky130_fd_sc_hd__o21a_1 instances:   3
  Class: sky130_fd_sc_hd__nor3_1 instances:   5
  Class: sky130_fd_sc_hd__o221ai_1 instances:  44
  Class: sky130_fd_sc_hd__maj3_1 instances: 200
  Class: sky130_fd_sc_hd__or3_1 instances:   1
  Class: sky130_fd_sc_hd__and2_0 instances: 481
  Class: sky130_fd_sc_hd__nor2_1 instances: 196
  Class: sky130_fd_sc_hd__a41oi_1 instances:   1
  Class: sky130_fd_sc_hd__o211ai_1 instances:  11
  Class: sky130_fd_sc_hd__a221oi_1 instances:   1
  Class: sky130_fd_sc_hd__o22ai_1 instances:   5
  Class: sky130_fd_sc_hd__a22oi_1 instances:   3
  Class: sky130_fd_sc_hd__o21ai_0 instances: 101
  Class: sky130_fd_sc_hd__nand3_1 instances:   2
  Class: sky130_fd_sc_hd__a21oi_1 instances:  76
  Class: sky130_fd_sc_hd__xor2_1 instances: 245
  Class: sky130_fd_sc_hd__o311ai_0 instances:  17
  Class: sky130_fd_sc_hd__o31ai_1 instances:   8
  Class: sky130_fd_sc_hd__a31oi_1 instances:  72
  Class: sky130_fd_sc_hd__a211oi_1 instances:   5
  Class: sky130_fd_sc_hd__nand2_1 instances: 395
  Class: sky130_fd_sc_hd__lpflow_inputiso1p_1 instances: 102
  Class: sky130_fd_sc_hd__o221a_1 instances:   8
  Class: sky130_fd_sc_hd__o21bai_1 instances:   2
  Class: sky130_fd_sc_hd__o211a_1 instances:   5
  Class: sky130_fd_sc_hd__conb_1 instances: 319
  Class: sky130_fd_sc_hd__a22o_1 instances:   1
  Class: sky130_fd_sc_hd__o41ai_1 instances:   3
  Class: sky130_fd_sc_hd__a311oi_1 instances:  15
  Class: sky130_fd_sc_hd__xnor2_1 instances: 640
  Class: sky130_fd_sc_hd__o311a_1 instances:   2
  Class: sky130_fd_sc_hd__nand2b_1 instances:  68
Circuit contains 3197 nets.

Circuit 1 contains 3165 devices, Circuit 2 contains 3165 devices.
Circuit 1 contains 3197 nets,    Circuit 2 contains 3197 nets.


Final result: 
Circuits match uniquely.
.
Logging to file "/home/arumukamganesmoorthe/ME/digital_design/vedic_mul/reports/lvs_gate_level.txt" disabled
LVS Done.
