OpenROAD v2.0-24548-g4fa65c3a24 
Features included (+) or not (-): +GPU +GUI +Python
This program is licensed under the BSD-3 license. See the LICENSE file for details.
Components of this program may be licensed under more restrictive licenses which must be honored.
[INFO ODB-0227] LEF file: /home/arumukamganesmoorthe/tools/open_pdks/sky130/sky130A/libs.ref/sky130_fd_sc_hd/techlef/sky130_fd_sc_hd__nom.tlef, created 14 layers, 25 vias
[WARNING ODB-0220] WARNING (LEFPARS-2008): NOWIREEXTENSIONATPIN statement is obsolete in version 5.6 or later.
The NOWIREEXTENSIONATPIN statement will be ignored. See file /home/arumukamganesmoorthe/tools/open_pdks/sky130/sky130A/libs.ref/sky130_fd_sc_hd/lef/sky130_fd_sc_hd.lef at line 2.

[INFO ODB-0227] LEF file: /home/arumukamganesmoorthe/tools/open_pdks/sky130/sky130A/libs.ref/sky130_fd_sc_hd/lef/sky130_fd_sc_hd.lef, created 437 library cells
[INFO ODB-0127] Reading DEF file: /home/arumukamganesmoorthe/ME/digital_design/vedic_mul/layout/vedic_routed.def
[INFO ODB-0128] Design: vedic1
[INFO ODB-0130]     Created 64 pins.
[INFO ODB-0131]     Created 3898 components and 24544 component-terminals.
[INFO ODB-0132]     Created 2 special nets and 14386 connections.
[INFO ODB-0133]     Created 3197 nets and 9839 connections.
[INFO ODB-0134] Finished DEF file: /home/arumukamganesmoorthe/ME/digital_design/vedic_mul/layout/vedic_routed.def
[INFO RCX-0431] Defined process_corner X with ext_model_index 0
[INFO RCX-0029] Defined extraction corner X
[INFO RCX-0435] Reading extraction model file /home/arumukamganesmoorthe/tools/open_pdks/sky130/sky130A/libs.tech/openlane/rules.openrcx.sky130A.nom.calibre ...
[INFO RCX-0436] RC segment generation vedic1 (max_merge_res 50.0) ...
[INFO RCX-0040] Final 10356 rc segments
[INFO RCX-0439] Coupling Cap extraction vedic1 ...
[INFO RCX-0440] Coupling threshhold is 0.1000 fF, coupling capacitance less than 0.1000 fF will be grounded.
[INFO RCX-0442] 50% of 16492 wires extracted
[INFO RCX-0442] 100% of 16492 wires extracted
[INFO RCX-0045] Extract 3197 nets, 13489 rsegs, 13489 caps, 19081 ccs
[INFO RCX-0443] 3197 nets finished
