
10. Printing statistics.

=== CLA4bit ===

        +----------Local Count, excluding submodules.
        |        +-Local Area, excluding submodules.
        |        | 
       15        - wires
       27        - wire bits
        8        - public wires
       20        - public wire bits
        7        - ports
       16        - port bits
       12  110.106 cells
        4   40.038   sky130_fd_sc_hd__maj3_1
        8   70.067   sky130_fd_sc_hd__xnor2_1

   Chip area for module '\CLA4bit': 110.105600
     of which used for sequential elements: 0.000000 (0.00%)

=== eb_adder ===

        +----------Local Count, excluding submodules.
        |        +-Local Area, excluding submodules.
        |        | 
        8        - wires
       29        - wire bits
        8        - public wires
       29        - public wire bits
        7        - ports
       28        - port bits
        2        - submodules
        2        -   CLA4bit

   Chip area for module '\eb_adder': 0.000000
     of which used for sequential elements: 0.000000 (-nan%)

=== eb_adder_top ===

        +----------Local Count, excluding submodules.
        |        +-Local Area, excluding submodules.
        |        | 
        7        - wires
       28        - wire bits
        7        - public wires
       28        - public wire bits
        7        - ports
       28        - port bits
        1        - submodules
        1        -   eb_adder

   Chip area for module '\eb_adder_top': 0.000000
     of which used for sequential elements: 0.000000 (-nan%)

=== design hierarchy ===

        +----------Count including submodules.
        |        +-Area including submodules.
        |        | 
       24  220.211 eb_adder_top
       12  110.106   CLA4bit

        +----------Count including submodules.
        |        +-Area including submodules.
        |        | 
       45        - wires
      111        - wire bits
       31        - public wires
       97        - public wire bits
       28        - ports
       88        - port bits
        -        - memories
        -        - memory bits
        -        - processes
       24  220.211 cells
        8   80.077   sky130_fd_sc_hd__maj3_1
       16  140.134   sky130_fd_sc_hd__xnor2_1
        1  220.211 submodules
        1  220.211   eb_adder

   Chip area for top module '\eb_adder_top': 220.211200
     of which used for sequential elements: 0.000000 (0.00%)

